#
# A fatal error has been detected by the Java Runtime Environment:
#
#  SIGSEGV (0xb) at pc=0x00007f548c24598b, pid=3429, tid=140002257966848
#
# JRE version: OpenJDK Runtime Environment (7.0_65-b32) (build 1.7.0_65-b32)
# Java VM: OpenJDK 64-Bit Server VM (24.65-b04 mixed mode linux-amd64 compressed oops)
# Derivative: IcedTea 2.5.3
# Distribution: Ubuntu 14.04 LTS, package 7u71-2.5.3-0ubuntu0.14.04.1
# Problematic frame:
# C  [libgdx-box2d64.so+0x2198b]  b2BlockAllocator::Allocate(int)+0x4b
#
# Failed to write core dump. Core dumps have been disabled. To enable core dumping, try "ulimit -c unlimited" before starting Java again
#
# If you would like to submit a bug report, please include
# instructions on how to reproduce the bug and visit:
#   http://icedtea.classpath.org/bugzilla
# The crash happened outside the Java Virtual Machine in native code.
# See problematic frame for where to report the bug.
#

---------------  T H R E A D  ---------------

Current thread (0x00007f54ec37b800):  JavaThread "LWJGL Application" [_thread_in_native, id=3461, stack(0x00007f54d0ca9000,0x00007f54d0daa000)]

siginfo:si_signo=SIGSEGV: si_errno=0, si_code=1 (SEGV_MAPERR), si_addr=0x0000003600000002

Registers:
RAX=0x0000003600000002, RBX=0x00007f54802d3d80, RCX=0x0000000000000002, RDX=0x00007f54802d3d80
RSP=0x00007f54d0da8300, RBP=0x00007f54802d3db0, RSI=0x00000000000000b8, RDI=0x00007f54802d3d80
R8 =0x0000000000000001, R9 =0x0000000000000001, R10=0x0000000000000001, R11=0x00007f54f3eb9040
R12=0x0000000000000000, R13=0x0000000000000006, R14=0x00007f54d0da8528, R15=0x00007f54ec37b800
RIP=0x00007f548c24598b, EFLAGS=0x0000000000010202, CSGSFS=0x0000000000000033, ERR=0x0000000000000004
  TRAPNO=0x000000000000000e

Top of Stack: (sp=0x00007f54d0da8300)
0x00007f54d0da8300:   0000000000000000 00007f54802d3d80
0x00007f54d0da8310:   00007f54d0da8360 0000000000000000
0x00007f54d0da8320:   00000000ba1f7b28 00007f548c25b24f
0x00007f54d0da8330:   00007f54e900538c 00007f54d0da8528
0x00007f54d0da8340:   00007f54802d3d80 00000000ba1f7b28
0x00007f54d0da8350:   00007f54d0da8480 00007f548c260fd0
0x00007f54d0da8360:   3f7d7d7b00000002 0000000040d00000
0x00007f54d0da8370:   0000000000000000 0000000000000000
0x00007f54d0da8380:   0001010100000000 0000000000000001
0x00007f54d0da8390:   0000000000000000 000000003c23d70a
0x00007f54d0da83a0:   0000000000000000 00007f54e9018c39
0x00007f54d0da83b0:   0000000000000001 0000000000000000
0x00007f54d0da83c0:   0000000000000001 000000003c23d70a
0x00007f54d0da83d0:   0000000000000000 00007f54d0da8400
0x00007f54d0da83e0:   00007f54d0da8480 00007f54e90060d8
0x00007f54d0da83f0:   0000000000000000 00007f54e9012f38
0x00007f54d0da8400:   0000000000000000 000000003e333333
0x00007f54d0da8410:   00007f5400000000 00000000ec4fc348
0x00007f54d0da8420:   00007f543f000000 00007f5480babd20
0x00007f54d0da8430:   00007f54d0da8430 00000000ec5f1200
0x00007f54d0da8440:   00007f54d0da8440 00000000ba1f7b28
0x00007f54d0da8450:   00007f54d0da8528 00000000ba210378
0x00007f54d0da8460:   0000000000000000 00000000ba1f7b28
0x00007f54d0da8470:   0000000000000000 00007f54d0da84a0
0x00007f54d0da8480:   00007f54d0da8570 00007f54e90061f5
0x00007f54d0da8490:   0000000000000000 00007f54e9012f37
0x00007f54d0da84a0:   000000003c23d70a 0000000000000001
0x00007f54d0da84b0:   0000000000000000 0000000000000001
0x00007f54d0da84c0:   0000000000000001 0000000000000001
0x00007f54d0da84d0:   00007f5400000000 0000000000000000
0x00007f54d0da84e0:   0000000000000000 0000000000000000
0x00007f54d0da84f0:   0000000000000000 00007f5400000000 

Instructions: (pc=0x00007f548c24598b)
0x00007f548c24596b:   0f b6 04 30 3c 0d 44 0f b6 e8 0f 87 ae 01 00 00
0x00007f548c24597b:   48 8d 2c c7 48 89 fb 48 8b 45 10 48 85 c0 74 35
0x00007f548c24598b:   48 8b 10 48 89 c7 48 89 f8 48 89 55 10 48 83 c4
0x00007f548c24599b:   08 5b 5d 41 5c 41 5d c3 0f 1f 44 00 00 48 83 c4 

Register to memory mapping:

RAX=0x0000003600000002 is an unknown value
RBX=0x00007f54802d3d80 is an unknown value
RCX=0x0000000000000002 is an unknown value
RDX=0x00007f54802d3d80 is an unknown value
RSP=0x00007f54d0da8300 is pointing into the stack for thread: 0x00007f54ec37b800
RBP=0x00007f54802d3db0 is an unknown value
RSI=0x00000000000000b8 is an unknown value
RDI=0x00007f54802d3d80 is an unknown value
R8 =0x0000000000000001 is an unknown value
R9 =0x0000000000000001 is an unknown value
R10=0x0000000000000001 is an unknown value
R11=0x00007f54f3eb9040: <offset 0x85c040> in /usr/lib/jvm/java-7-openjdk-amd64/jre/lib/amd64/server/libjvm.so at 0x00007f54f365d000
R12=0x0000000000000000 is an unknown value
R13=0x0000000000000006 is an unknown value
R14=0x00007f54d0da8528 is pointing into the stack for thread: 0x00007f54ec37b800
R15=0x00007f54ec37b800 is a thread


Stack: [0x00007f54d0ca9000,0x00007f54d0daa000],  sp=0x00007f54d0da8300,  free space=1020k
Native frames: (J=compiled Java code, j=interpreted, Vv=VM code, C=native code)
C  [libgdx-box2d64.so+0x2198b]  b2BlockAllocator::Allocate(int)+0x4b

Java frames: (J=compiled Java code, j=interpreted, Vv=VM code)
j  com.badlogic.gdx.physics.box2d.World.jniCreateBody(JIFFFFFFFFZZZZZF)J+0
j  com.badlogic.gdx.physics.box2d.World.createBody(Lcom/badlogic/gdx/physics/box2d/BodyDef;)Lcom/badlogic/gdx/physics/box2d/Body;+80
j  pl.edu.pb.wi.ztpmtm.entity.creation.BodyCreator.createBody(Lcom/badlogic/gdx/physics/box2d/World;)Lcom/badlogic/gdx/physics/box2d/Body;+5
j  pl.edu.pb.wi.ztpmtm.entity.B2DEntity.createBody(Lcom/badlogic/gdx/physics/box2d/World;)V+6
j  pl.edu.pb.wi.ztpmtm.game.logic.Game.addPlatform(F)V+14
j  pl.edu.pb.wi.ztpmtm.game.logic.Game.addNewPlatforms()V+16
j  pl.edu.pb.wi.ztpmtm.game.logic.Game.update(F)V+46
j  pl.edu.pb.wi.ztpmtm.gui.screens.impl.GameScreen.updateGameData(F)V+6
j  pl.edu.pb.wi.ztpmtm.gui.screens.impl.GameScreen.render(F)V+2
j  pl.edu.pb.wi.ztpmtm.managers.gui.InterfaceManager.render(F)V+12
j  pl.edu.pb.wi.ztpmtm.Core.render()V+34
j  com.badlogic.gdx.backends.lwjgl.LwjglApplication.mainLoop()V+632
j  com.badlogic.gdx.backends.lwjgl.LwjglApplication$1.run()V+27
v  ~StubRoutines::call_stub

---------------  P R O C E S S  ---------------

Java Threads: ( => current thread )
  0x00007f548000b000 JavaThread "process reaper" daemon [_thread_blocked, id=3463, stack(0x00007f54e0000000,0x00007f54e0039000)]
  0x00007f54ec00d800 JavaThread "DestroyJavaVM" [_thread_blocked, id=3431, stack(0x00007f54f5166000,0x00007f54f5267000)]
=>0x00007f54ec37b800 JavaThread "LWJGL Application" [_thread_in_native, id=3461, stack(0x00007f54d0ca9000,0x00007f54d0daa000)]
  0x00007f54ec2d2800 JavaThread "AWT-XAWT" daemon [_thread_in_native, id=3457, stack(0x00007f54d39ee000,0x00007f54d3aef000)]
  0x00007f54ec2b2800 JavaThread "Java2D Disposer" daemon [_thread_blocked, id=3456, stack(0x00007f54d3eff000,0x00007f54d4000000)]
  0x00007f54ec0c4800 JavaThread "Service Thread" daemon [_thread_blocked, id=3454, stack(0x00007f54e18ac000,0x00007f54e19ad000)]
  0x00007f54ec0c2000 JavaThread "C2 CompilerThread1" daemon [_thread_blocked, id=3453, stack(0x00007f54e19ad000,0x00007f54e1aae000)]
  0x00007f54ec0bf000 JavaThread "C2 CompilerThread0" daemon [_thread_blocked, id=3452, stack(0x00007f54e1aae000,0x00007f54e1baf000)]
  0x00007f54b4001000 JavaThread "JDWP Command Reader" daemon [_thread_in_native, id=3448, stack(0x00007f54e1baf000,0x00007f54e1cb0000)]
  0x00007f54ec0bd000 JavaThread "JDWP Event Helper Thread" daemon [_thread_blocked, id=3447, stack(0x00007f54e80ac000,0x00007f54e81ad000)]
  0x00007f54ec0b9000 JavaThread "JDWP Transport Listener: dt_socket" daemon [_thread_blocked, id=3446, stack(0x00007f54e81ad000,0x00007f54e82ae000)]
  0x00007f54ec0ab800 JavaThread "Signal Dispatcher" daemon [_thread_blocked, id=3443, stack(0x00007f54e84b3000,0x00007f54e85b4000)]
  0x00007f54ec07f800 JavaThread "Finalizer" daemon [_thread_blocked, id=3442, stack(0x00007f54e85b4000,0x00007f54e86b5000)]
  0x00007f54ec07d800 JavaThread "Reference Handler" daemon [_thread_blocked, id=3441, stack(0x00007f54e86b5000,0x00007f54e87b6000)]

Other Threads:
  0x00007f54ec079000 VMThread [stack: 0x00007f54e87b6000,0x00007f54e88b7000] [id=3440]
  0x00007f54ec0cf000 WatcherThread [stack: 0x00007f54e17ab000,0x00007f54e18ac000] [id=3455]

VM state:not at safepoint (normal execution)

VM Mutex/Monitor currently owned by a thread: None

Heap
 PSYoungGen      total 18432K, used 10179K [0x00000000ebe80000, 0x00000000ed300000, 0x0000000100000000)
  eden space 15872K, 48% used [0x00000000ebe80000,0x00000000ec5f3e20,0x00000000ece00000)
  from space 2560K, 99% used [0x00000000ece00000,0x00000000ed07d138,0x00000000ed080000)
  to   space 2560K, 0% used [0x00000000ed080000,0x00000000ed080000,0x00000000ed300000)
 ParOldGen       total 40960K, used 754K [0x00000000c3c00000, 0x00000000c6400000, 0x00000000ebe80000)
  object space 40960K, 1% used [0x00000000c3c00000,0x00000000c3cbca10,0x00000000c6400000)
 PSPermGen       total 21504K, used 12726K [0x00000000b9600000, 0x00000000bab00000, 0x00000000c3c00000)
  object space 21504K, 59% used [0x00000000b9600000,0x00000000ba26da88,0x00000000bab00000)

Card table byte_map: [0x00007f54f1342000,0x00007f54f1578000] byte_map_base: 0x00007f54f0d77000

Polling page: 0x00007f54f528b000

Code Cache  [0x00007f54e9000000, 0x00007f54e9270000, 0x00007f54ec000000)
 total_blobs=698 nmethods=131 adapters=528 free_code_cache=48303Kb largest_free_block=49433344

Compilation events (10 events):
Event: 13,022 Thread 0x00007f54ec0bf000  125             com.badlogic.gdx.utils.BufferUtils::copy (45 bytes)
Event: 13,025 Thread 0x00007f54ec0bf000 nmethod 125 0x00007f54e90d3c90 code [0x00007f54e90d3e00, 0x00007f54e90d4028]
Event: 13,188 Thread 0x00007f54ec0c2000  127             com.badlogic.gdx.utils.Array::add (48 bytes)
Event: 13,191 Thread 0x00007f54ec0c2000 nmethod 127 0x00007f54e90d29d0 code [0x00007f54e90d2b60, 0x00007f54e90d2d28]
Event: 13,439 Thread 0x00007f54ec0bf000  128             com.badlogic.gdx.graphics.glutils.ShaderProgram::fetchUniformLocation (9 bytes)
Event: 13,439 Thread 0x00007f54ec0c2000  129             com.badlogic.gdx.graphics.glutils.ShaderProgram::fetchUniformLocation (90 bytes)
Event: 13,442 Thread 0x00007f54ec0c2000 nmethod 129 0x00007f54e90d3790 code [0x00007f54e90d3900, 0x00007f54e90d3ab8]
Event: 13,442 Thread 0x00007f54ec0bf000 nmethod 128 0x00007f54e90d31d0 code [0x00007f54e90d3340, 0x00007f54e90d3538]
Event: 13,505 Thread 0x00007f54ec0c2000  130             com.badlogic.gdx.scenes.scene2d.Actor::parentToLocalCoordinates (228 bytes)
Event: 13,508 Thread 0x00007f54ec0c2000 nmethod 130 0x00007f54e90d9d50 code [0x00007f54e90d9ee0, 0x00007f54e90da2f8]

GC Heap History (2 events):
Event: 1,558 GC heap before
{Heap before GC invocations=1 (full 0):
 PSYoungGen      total 18432K, used 15872K [0x00000000ebe80000, 0x00000000ed300000, 0x0000000100000000)
  eden space 15872K, 100% used [0x00000000ebe80000,0x00000000ece00000,0x00000000ece00000)
  from space 2560K, 0% used [0x00000000ed080000,0x00000000ed080000,0x00000000ed300000)
  to   space 2560K, 0% used [0x00000000ece00000,0x00000000ece00000,0x00000000ed080000)
 ParOldGen       total 40960K, used 0K [0x00000000c3c00000, 0x00000000c6400000, 0x00000000ebe80000)
  object space 40960K, 0% used [0x00000000c3c00000,0x00000000c3c00000,0x00000000c6400000)
 PSPermGen       total 21504K, used 10583K [0x00000000b9600000, 0x00000000bab00000, 0x00000000c3c00000)
  object space 21504K, 49% used [0x00000000b9600000,0x00000000ba055d50,0x00000000bab00000)
Event: 1,564 GC heap after
Heap after GC invocations=1 (full 0):
 PSYoungGen      total 18432K, used 2548K [0x00000000ebe80000, 0x00000000ed300000, 0x0000000100000000)
  eden space 15872K, 0% used [0x00000000ebe80000,0x00000000ebe80000,0x00000000ece00000)
  from space 2560K, 99% used [0x00000000ece00000,0x00000000ed07d138,0x00000000ed080000)
  to   space 2560K, 0% used [0x00000000ed080000,0x00000000ed080000,0x00000000ed300000)
 ParOldGen       total 40960K, used 754K [0x00000000c3c00000, 0x00000000c6400000, 0x00000000ebe80000)
  object space 40960K, 1% used [0x00000000c3c00000,0x00000000c3cbca10,0x00000000c6400000)
 PSPermGen       total 21504K, used 10583K [0x00000000b9600000, 0x00000000bab00000, 0x00000000c3c00000)
  object space 21504K, 49% used [0x00000000b9600000,0x00000000ba055d50,0x00000000bab00000)
}

Deoptimization events (0 events):
No events

Internal exceptions (10 events):
Event: 3,784 Thread 0x00007f54ec37b800 Threw 0x00000000ec54eba8 at /build/buildd/openjdk-7-7u71-2.5.3/build/openjdk/hotspot/src/share/vm/prims/jvm.cpp:1284
Event: 3,784 Thread 0x00007f54ec37b800 Threw 0x00000000ec5549d8 at /build/buildd/openjdk-7-7u71-2.5.3/build/openjdk/hotspot/src/share/vm/prims/jvm.cpp:1284
Event: 3,785 Thread 0x00007f54ec37b800 Threw 0x00000000ec55c700 at /build/buildd/openjdk-7-7u71-2.5.3/build/openjdk/hotspot/src/share/vm/prims/jvm.cpp:1284
Event: 3,785 Thread 0x00007f54ec37b800 Threw 0x00000000ec561fd0 at /build/buildd/openjdk-7-7u71-2.5.3/build/openjdk/hotspot/src/share/vm/prims/jvm.cpp:1284
Event: 3,785 Thread 0x00007f54ec37b800 Threw 0x00000000ec568500 at /build/buildd/openjdk-7-7u71-2.5.3/build/openjdk/hotspot/src/share/vm/prims/jvm.cpp:1284
Event: 4,474 Thread 0x00007f54ec37b800 Threw 0x00000000ec573688 at /build/buildd/openjdk-7-7u71-2.5.3/build/openjdk/hotspot/src/share/vm/prims/jvm.cpp:1284
Event: 4,475 Thread 0x00007f54ec37b800 Threw 0x00000000ec5795e0 at /build/buildd/openjdk-7-7u71-2.5.3/build/openjdk/hotspot/src/share/vm/prims/jvm.cpp:1284
Event: 4,475 Thread 0x00007f54ec37b800 Threw 0x00000000ec57f558 at /build/buildd/openjdk-7-7u71-2.5.3/build/openjdk/hotspot/src/share/vm/prims/jvm.cpp:1284
Event: 4,476 Thread 0x00007f54ec37b800 Threw 0x00000000ec5853e8 at /build/buildd/openjdk-7-7u71-2.5.3/build/openjdk/hotspot/src/share/vm/prims/jvm.cpp:1284
Event: 5,638 Thread 0x00007f54ec37b800 Threw 0x00000000ec595460 at /build/buildd/openjdk-7-7u71-2.5.3/build/openjdk/hotspot/src/share/vm/prims/jvm.cpp:1284

Events (10 events):
Event: 4,474 loading class 0x00007f54ec180980
Event: 4,474 loading class 0x00007f54ec180980 done
Event: 4,475 loading class 0x00007f54ec313a30
Event: 4,475 loading class 0x00007f54ec313a30 done
Event: 4,475 loading class 0x00007f54ec313ab0
Event: 4,475 loading class 0x00007f54ec313ab0 done
Event: 4,476 loading class 0x00007f5480a055e0
Event: 4,476 loading class 0x00007f5480a055e0 done
Event: 5,638 loading class 0x00007f5480b19df0
Event: 5,638 loading class 0x00007f5480b19df0 done


Dynamic libraries:
00400000-00401000 r-xp 00000000 08:07 1050530                            /usr/lib/jvm/java-7-openjdk-amd64/jre/bin/java
00600000-00601000 r--p 00000000 08:07 1050530                            /usr/lib/jvm/java-7-openjdk-amd64/jre/bin/java
00601000-00602000 rw-p 00001000 08:07 1050530                            /usr/lib/jvm/java-7-openjdk-amd64/jre/bin/java
00a9e000-00abf000 rw-p 00000000 00:00 0                                  [heap]
b9600000-bab00000 rw-p 00000000 00:00 0 
bab00000-c3c00000 rw-p 00000000 00:00 0 
c3c00000-c6400000 rw-p 00000000 00:00 0 
c6400000-ebe80000 rw-p 00000000 00:00 0 
ebe80000-ed300000 rw-p 00000000 00:00 0 
ed300000-100000000 rw-p 00000000 00:00 0 
7f5480000000-7f5480e3a000 rw-p 00000000 00:00 0 
7f5480e3a000-7f5484000000 ---p 00000000 00:00 0 
7f5484000000-7f5484021000 rw-p 00000000 00:00 0 
7f5484021000-7f5488000000 ---p 00000000 00:00 0 
7f5488000000-7f5488021000 rw-p 00000000 00:00 0 
7f5488021000-7f548c000000 ---p 00000000 00:00 0 
7f548c224000-7f548c270000 r-xp 00000000 08:07 2495814                    /tmp/libgdximralav/b7746481/libgdx-box2d64.so
7f548c270000-7f548c46f000 ---p 0004c000 08:07 2495814                    /tmp/libgdximralav/b7746481/libgdx-box2d64.so
7f548c46f000-7f548c471000 r--p 0004b000 08:07 2495814                    /tmp/libgdximralav/b7746481/libgdx-box2d64.so
7f548c471000-7f548c472000 rw-p 0004d000 08:07 2495814                    /tmp/libgdximralav/b7746481/libgdx-box2d64.so
7f548c472000-7f548c489000 r-xp 00000000 08:07 1050341                    /usr/lib/jvm/java-7-openjdk-amd64/jre/lib/amd64/libnet.so
7f548c489000-7f548c688000 ---p 00017000 08:07 1050341                    /usr/lib/jvm/java-7-openjdk-amd64/jre/lib/amd64/libnet.so
7f548c688000-7f548c689000 r--p 00016000 08:07 1050341                    /usr/lib/jvm/java-7-openjdk-amd64/jre/lib/amd64/libnet.so
7f548c689000-7f548c68a000 rw-p 00017000 08:07 1050341                    /usr/lib/jvm/java-7-openjdk-amd64/jre/lib/amd64/libnet.so
7f548c68a000-7f548c69a000 r-xp 00000000 08:07 1050425                    /usr/lib/jvm/java-7-openjdk-amd64/jre/lib/amd64/libnio.so
7f548c69a000-7f548c89a000 ---p 00010000 08:07 1050425                    /usr/lib/jvm/java-7-openjdk-amd64/jre/lib/amd64/libnio.so
7f548c89a000-7f548c89b000 r--p 00010000 08:07 1050425                    /usr/lib/jvm/java-7-openjdk-amd64/jre/lib/amd64/libnio.so
7f548c89b000-7f548c89c000 rw-p 00011000 08:07 1050425                    /usr/lib/jvm/java-7-openjdk-amd64/jre/lib/amd64/libnio.so
7f548c89c000-7f548c97c000 rw-s 00000000 00:04 22033                      /drm mm object (deleted)
7f548c97c000-7f548ca5c000 rw-s 00000000 00:04 22030                      /drm mm object (deleted)
7f548ca5c000-7f548dbfa000 rw-p 00000000 00:00 0 
7f548dbfa000-7f548dc02000 r-xp 00000000 08:07 927503                     /usr/lib/x86_64-linux-gnu/libpciaccess.so.0.11.1
7f548dc02000-7f548de01000 ---p 00008000 08:07 927503                     /usr/lib/x86_64-linux-gnu/libpciaccess.so.0.11.1
7f548de01000-7f548de02000 r--p 00007000 08:07 927503                     /usr/lib/x86_64-linux-gnu/libpciaccess.so.0.11.1
7f548de02000-7f548de03000 rw-p 00008000 08:07 927503                     /usr/lib/x86_64-linux-gnu/libpciaccess.so.0.11.1
7f548de03000-7f548de0f000 r-xp 00000000 08:07 926895                     /usr/lib/x86_64-linux-gnu/libdrm_radeon.so.1.0.1
7f548de0f000-7f548e00e000 ---p 0000c000 08:07 926895                     /usr/lib/x86_64-linux-gnu/libdrm_radeon.so.1.0.1
7f548e00e000-7f548e00f000 r--p 0000b000 08:07 926895                     /usr/lib/x86_64-linux-gnu/libdrm_radeon.so.1.0.1
7f548e00f000-7f548e010000 rw-p 0000c000 08:07 926895                     /usr/lib/x86_64-linux-gnu/libdrm_radeon.so.1.0.1
7f548e010000-7f548e015000 r-xp 00000000 08:07 926893                     /usr/lib/x86_64-linux-gnu/libdrm_nouveau.so.2.0.0
7f548e015000-7f548e214000 ---p 00005000 08:07 926893                     /usr/lib/x86_64-linux-gnu/libdrm_nouveau.so.2.0.0
7f548e214000-7f548e215000 r--p 00004000 08:07 926893                     /usr/lib/x86_64-linux-gnu/libdrm_nouveau.so.2.0.0
7f548e215000-7f548e216000 rw-p 00005000 08:07 926893                     /usr/lib/x86_64-linux-gnu/libdrm_nouveau.so.2.0.0
7f548e216000-7f548e235000 r-xp 00000000 08:07 926891                     /usr/lib/x86_64-linux-gnu/libdrm_intel.so.1.0.0
7f548e235000-7f548e434000 ---p 0001f000 08:07 926891                     /usr/lib/x86_64-linux-gnu/libdrm_intel.so.1.0.0
7f548e434000-7f548e435000 r--p 0001e000 08:07 926891                     /usr/lib/x86_64-linux-gnu/libdrm_intel.so.1.0.0
7f548e435000-7f548e436000 rw-p 0001f000 08:07 926891                     /usr/lib/x86_64-linux-gnu/libdrm_intel.so.1.0.0
7f548e436000-7f548e923000 r-xp 00000000 08:07 1312352                    /usr/lib/x86_64-linux-gnu/dri/i965_dri.so
7f548e923000-7f548eb23000 ---p 004ed000 08:07 1312352                    /usr/lib/x86_64-linux-gnu/dri/i965_dri.so
7f548eb23000-7f548eb3a000 r--p 004ed000 08:07 1312352                    /usr/lib/x86_64-linux-gnu/dri/i965_dri.so
7f548eb3a000-7f548eb46000 rw-p 00504000 08:07 1312352                    /usr/lib/x86_64-linux-gnu/dri/i965_dri.so
7f548eb46000-7f548eb92000 rw-p 00000000 00:00 0 
7f548eb92000-7f548eb9a000 r-xp 00000000 08:07 1839396                    /lib/x86_64-linux-gnu/libnih-dbus.so.1.0.0
7f548eb9a000-7f548ed9a000 ---p 00008000 08:07 1839396                    /lib/x86_64-linux-gnu/libnih-dbus.so.1.0.0
7f548ed9a000-7f548ed9b000 r--p 00008000 08:07 1839396                    /lib/x86_64-linux-gnu/libnih-dbus.so.1.0.0
7f548ed9b000-7f548ed9c000 rw-p 00009000 08:07 1839396                    /lib/x86_64-linux-gnu/libnih-dbus.so.1.0.0
7f548ed9c000-7f548edb3000 r-xp 00000000 08:07 1839398                    /lib/x86_64-linux-gnu/libnih.so.1.0.0
7f548edb3000-7f548efb2000 ---p 00017000 08:07 1839398                    /lib/x86_64-linux-gnu/libnih.so.1.0.0
7f548efb2000-7f548efb3000 r--p 00016000 08:07 1839398                    /lib/x86_64-linux-gnu/libnih.so.1.0.0
7f548efb3000-7f548efb4000 rw-p 00017000 08:07 1839398                    /lib/x86_64-linux-gnu/libnih.so.1.0.0
7f548efb4000-7f548efcd000 r-xp 00000000 08:07 1835991                    /lib/x86_64-linux-gnu/libcgmanager.so.0.0.0
7f548efcd000-7f548f1cc000 ---p 00019000 08:07 1835991                    /lib/x86_64-linux-gnu/libcgmanager.so.0.0.0
7f548f1cc000-7f548f1ce000 r--p 00018000 08:07 1835991                    /lib/x86_64-linux-gnu/libcgmanager.so.0.0.0
7f548f1ce000-7f548f1cf000 rw-p 0001a000 08:07 1835991                    /lib/x86_64-linux-gnu/libcgmanager.so.0.0.0
7f548f1cf000-7f548f1df000 r-xp 00000000 08:07 1839482                    /lib/x86_64-linux-gnu/libudev.so.1.3.5
7f548f1df000-7f548f3de000 ---p 00010000 08:07 1839482                    /lib/x86_64-linux-gnu/libudev.so.1.3.5
7f548f3de000-7f548f3df000 r--p 0000f000 08:07 1839482                    /lib/x86_64-linux-gnu/libudev.so.1.3.5
7f548f3df000-7f548f3e0000 rw-p 00010000 08:07 1839482                    /lib/x86_64-linux-gnu/libudev.so.1.3.5
7f548f3e0000-7f548f3eb000 r-xp 00000000 08:07 926889                     /usr/lib/x86_64-linux-gnu/libdrm.so.2.4.0
7f548f3eb000-7f548f5ea000 ---p 0000b000 08:07 926889                     /usr/lib/x86_64-linux-gnu/libdrm.so.2.4.0
7f548f5ea000-7f548f5eb000 r--p 0000a000 08:07 926889                     /usr/lib/x86_64-linux-gnu/libdrm.so.2.4.0
7f548f5eb000-7f548f5ec000 rw-p 0000b000 08:07 926889                     /usr/lib/x86_64-linux-gnu/libdrm.so.2.4.0
7f548f5ec000-7f548f5ed000 r-xp 00000000 08:07 927817                     /usr/lib/x86_64-linux-gnu/libxshmfence.so.1.0.0
7f548f5ed000-7f548f7ec000 ---p 00001000 08:07 927817                     /usr/lib/x86_64-linux-gnu/libxshmfence.so.1.0.0
7f548f7ec000-7f548f7ed000 r--p 00000000 08:07 927817                     /usr/lib/x86_64-linux-gnu/libxshmfence.so.1.0.0
7f548f7ed000-7f548f7ee000 rw-p 00001000 08:07 927817                     /usr/lib/x86_64-linux-gnu/libxshmfence.so.1.0.0
7f548f7ee000-7f548f7f3000 r-xp 00000000 08:07 927797                     /usr/lib/x86_64-linux-gnu/libxcb-sync.so.1.0.0
7f548f7f3000-7f548f9f2000 ---p 00005000 08:07 927797                     /usr/lib/x86_64-linux-gnu/libxcb-sync.so.1.0.0
7f548f9f2000-7f548f9f3000 r--p 00004000 08:07 927797                     /usr/lib/x86_64-linux-gnu/libxcb-sync.so.1.0.0
7f548f9f3000-7f548f9f4000 rw-p 00005000 08:07 927797                     /usr/lib/x86_64-linux-gnu/libxcb-sync.so.1.0.0
7f548f9f4000-7f548f9f6000 r-xp 00000000 08:07 927785                     /usr/lib/x86_64-linux-gnu/libxcb-present.so.0.0.0
7f548f9f6000-7f548fbf5000 ---p 00002000 08:07 927785                     /usr/lib/x86_64-linux-gnu/libxcb-present.so.0.0.0
7f548fbf5000-7f548fbf6000 r--p 00001000 08:07 927785                     /usr/lib/x86_64-linux-gnu/libxcb-present.so.0.0.0
7f548fbf6000-7f548fbf7000 rw-p 00002000 08:07 927785                     /usr/lib/x86_64-linux-gnu/libxcb-present.so.0.0.0
7f548fbf7000-7f548fbf9000 r-xp 00000000 08:07 927775                     /usr/lib/x86_64-linux-gnu/libxcb-dri3.so.0.0.0
7f548fbf9000-7f548fdf8000 ---p 00002000 08:07 927775                     /usr/lib/x86_64-linux-gnu/libxcb-dri3.so.0.0.0
7f548fdf8000-7f548fdf9000 r--p 00001000 08:07 927775                     /usr/lib/x86_64-linux-gnu/libxcb-dri3.so.0.0.0
7f548fdf9000-7f548fdfa000 rw-p 00002000 08:07 927775                     /usr/lib/x86_64-linux-gnu/libxcb-dri3.so.0.0.0
7f548fdfa000-7f548fdfd000 r-xp 00000000 08:07 927773                     /usr/lib/x86_64-linux-gnu/libxcb-dri2.so.0.0.0
7f548fdfd000-7f548fffd000 ---p 00003000 08:07 927773                     /usr/lib/x86_64-linux-gnu/libxcb-dri2.so.0.0.0
7f548fffd000-7f548fffe000 r--p 00003000 08:07 927773                     /usr/lib/x86_64-linux-gnu/libxcb-dri2.so.0.0.0
7f548fffe000-7f548ffff000 rw-p 00004000 08:07 927773                     /usr/lib/x86_64-linux-gnu/libxcb-dri2.so.0.0.0
7f548ffff000-7f5494000000 rw-s 00000000 00:14 22000                      /run/shm/pulse-shm-3206257441
7f5494000000-7f5494021000 rw-p 00000000 00:00 0 
7f5494021000-7f5498000000 ---p 00000000 00:00 0 
7f5498000000-7f5498021000 rw-p 00000000 00:00 0 
7f5498021000-7f549c000000 ---p 00000000 00:00 0 
7f549c000000-7f549c021000 rw-p 00000000 00:00 0 
7f549c021000-7f54a0000000 ---p 00000000 00:00 0 
7f54a0000000-7f54a0021000 rw-p 00000000 00:00 0 
7f54a0021000-7f54a4000000 ---p 00000000 00:00 0 
7f54a4000000-7f54a42c6000 rw-p 00000000 00:00 0 
7f54a42c6000-7f54a8000000 ---p 00000000 00:00 0 
7f54a8000000-7f54a8021000 rw-p 00000000 00:00 0 
7f54a8021000-7f54ac000000 ---p 00000000 00:00 0 
7f54ac000000-7f54ac021000 rw-p 00000000 00:00 0 
7f54ac021000-7f54b0000000 ---p 00000000 00:00 0 
7f54b0000000-7f54b04e0000 rw-p 00000000 00:00 0 
7f54b04e0000-7f54b4000000 ---p 00000000 00:00 0 
7f54b4000000-7f54b4021000 rw-p 00000000 00:00 0 
7f54b4021000-7f54b8000000 ---p 00000000 00:00 0 
7f54b8000000-7f54b8021000 rw-p 00000000 00:00 0 
7f54b8021000-7f54bc000000 ---p 00000000 00:00 0 
7f54bc000000-7f54bc021000 rw-p 00000000 00:00 0 
7f54bc021000-7f54c0000000 ---p 00000000 00:00 0 
7f54c0000000-7f54c0021000 rw-p 00000000 00:00 0 
7f54c0021000-7f54c4000000 ---p 00000000 00:00 0 
7f54c4000000-7f54c4021000 rw-p 00000000 00:00 0 
7f54c4021000-7f54c8000000 ---p 00000000 00:00 0 
7f54c8000000-7f54c8021000 rw-p 00000000 00:00 0 
7f54c8021000-7f54cc000000 ---p 00000000 00:00 0 
7f54cc000000-7f54cc021000 rw-p 00000000 00:00 0 
7f54cc021000-7f54d0000000 ---p 00000000 00:00 0 
7f54d00b6000-7f54d012a000 rw-p 00000000 00:00 0 
7f54d0191000-7f54d0201000 rw-s 00000000 00:04 22032                      /drm mm object (deleted)
7f54d0201000-7f54d0216000 r-xp 00000000 08:07 927777                     /usr/lib/x86_64-linux-gnu/libxcb-glx.so.0.0.0
7f54d0216000-7f54d0415000 ---p 00015000 08:07 927777                     /usr/lib/x86_64-linux-gnu/libxcb-glx.so.0.0.0
7f54d0415000-7f54d0417000 r--p 00014000 08:07 927777                     /usr/lib/x86_64-linux-gnu/libxcb-glx.so.0.0.0
7f54d0417000-7f54d0418000 rw-p 00016000 08:07 927777                     /usr/lib/x86_64-linux-gnu/libxcb-glx.so.0.0.0
7f54d0418000-7f54d0419000 r-xp 00000000 08:07 926620                     /usr/lib/x86_64-linux-gnu/libX11-xcb.so.1.0.0
7f54d0419000-7f54d0618000 ---p 00001000 08:07 926620                     /usr/lib/x86_64-linux-gnu/libX11-xcb.so.1.0.0
7f54d0618000-7f54d0619000 r--p 00000000 08:07 926620                     /usr/lib/x86_64-linux-gnu/libX11-xcb.so.1.0.0
7f54d0619000-7f54d061a000 rw-p 00001000 08:07 926620                     /usr/lib/x86_64-linux-gnu/libX11-xcb.so.1.0.0
7f54d061a000-7f54d061c000 r-xp 00000000 08:07 926635                     /usr/lib/x86_64-linux-gnu/libXdamage.so.1.1.0
7f54d061c000-7f54d081b000 ---p 00002000 08:07 926635                     /usr/lib/x86_64-linux-gnu/libXdamage.so.1.1.0
7f54d081b000-7f54d081c000 r--p 00001000 08:07 926635                     /usr/lib/x86_64-linux-gnu/libXdamage.so.1.1.0
7f54d081c000-7f54d081d000 rw-p 00002000 08:07 926635                     /usr/lib/x86_64-linux-gnu/libXdamage.so.1.1.0
7f54d081d000-7f54d083f000 r-xp 00000000 08:07 927065                     /usr/lib/x86_64-linux-gnu/libglapi.so.0.0.0
7f54d083f000-7f54d0a3f000 ---p 00022000 08:07 927065                     /usr/lib/x86_64-linux-gnu/libglapi.so.0.0.0
7f54d0a3f000-7f54d0a42000 r--p 00022000 08:07 927065                     /usr/lib/x86_64-linux-gnu/libglapi.so.0.0.0
7f54d0a42000-7f54d0a43000 rw-p 00025000 08:07 927065                     /usr/lib/x86_64-linux-gnu/libglapi.so.0.0.0
7f54d0a43000-7f54d0a44000 rw-p 00000000 00:00 0 
7f54d0a44000-7f54d0aa5000 r-xp 00000000 08:07 1313805                    /usr/lib/x86_64-linux-gnu/mesa/libGL.so.1.2.0
7f54d0aa5000-7f54d0ca4000 ---p 00061000 08:07 1313805                    /usr/lib/x86_64-linux-gnu/mesa/libGL.so.1.2.0
7f54d0ca4000-7f54d0ca7000 r--p 00060000 08:07 1313805                    /usr/lib/x86_64-linux-gnu/mesa/libGL.so.1.2.0
7f54d0ca7000-7f54d0ca8000 rw-p 00063000 08:07 1313805                    /usr/lib/x86_64-linux-gnu/mesa/libGL.so.1.2.0
7f54d0ca8000-7f54d0ca9000 rw-p 00000000 00:00 0 
7f54d0ca9000-7f54d0cac000 ---p 00000000 00:00 0 
7f54d0cac000-7f54d0daa000 rw-p 00000000 00:00 0                          [stack:3461]
7f54d0daa000-7f54d0dab000 ---p 00000000 00:00 0 
7f54d0dab000-7f54d0eab000 rw-p 00000000 00:00 0                          [stack:3460]
7f54d0eab000-7f54d0eac000 ---p 00000000 00:00 0 
7f54d0eac000-7f54d16ac000 rw-p 00000000 00:00 0                          [stack:3459]
7f54d16ac000-7f54d16b3000 r-xp 00000000 08:07 927439                     /usr/lib/x86_64-linux-gnu/libogg.so.0.8.1
7f54d16b3000-7f54d18b3000 ---p 00007000 08:07 927439                     /usr/lib/x86_64-linux-gnu/libogg.so.0.8.1
7f54d18b3000-7f54d18b4000 r--p 00007000 08:07 927439                     /usr/lib/x86_64-linux-gnu/libogg.so.0.8.1
7f54d18b4000-7f54d18b5000 rw-p 00008000 08:07 927439                     /usr/lib/x86_64-linux-gnu/libogg.so.0.8.1
7f54d18b5000-7f54d18e1000 r-xp 00000000 08:07 927727                     /usr/lib/x86_64-linux-gnu/libvorbis.so.0.4.5
7f54d18e1000-7f54d1ae0000 ---p 0002c000 08:07 927727                     /usr/lib/x86_64-linux-gnu/libvorbis.so.0.4.5
7f54d1ae0000-7f54d1ae1000 r--p 0002b000 08:07 927727                     /usr/lib/x86_64-linux-gnu/libvorbis.so.0.4.5
7f54d1ae1000-7f54d1ae2000 rw-p 0002c000 08:07 927727                     /usr/lib/x86_64-linux-gnu/libvorbis.so.0.4.5
7f54d1ae2000-7f54d1d95000 r-xp 00000000 08:07 927729                     /usr/lib/x86_64-linux-gnu/libvorbisenc.so.2.0.8
7f54d1d95000-7f54d1f94000 ---p 002b3000 08:07 927729                     /usr/lib/x86_64-linux-gnu/libvorbisenc.so.2.0.8
7f54d1f94000-7f54d1fb0000 r--p 002b2000 08:07 927729                     /usr/lib/x86_64-linux-gnu/libvorbisenc.so.2.0.8
7f54d1fb0000-7f54d1fb1000 rw-p 002ce000 08:07 927729                     /usr/lib/x86_64-linux-gnu/libvorbisenc.so.2.0.8
7f54d1fb1000-7f54d1fe1000 r-xp 00000000 08:07 924000                     /usr/lib/x86_64-linux-gnu/libFLAC.so.8.3.0
7f54d1fe1000-7f54d21e0000 ---p 00030000 08:07 924000                     /usr/lib/x86_64-linux-gnu/libFLAC.so.8.3.0
7f54d21e0000-7f54d21e1000 r--p 0002f000 08:07 924000                     /usr/lib/x86_64-linux-gnu/libFLAC.so.8.3.0
7f54d21e1000-7f54d21e2000 rw-p 00030000 08:07 924000                     /usr/lib/x86_64-linux-gnu/libFLAC.so.8.3.0
7f54d21e2000-7f54d21e7000 r-xp 00000000 08:07 926718                     /usr/lib/x86_64-linux-gnu/libasyncns.so.0.3.1
7f54d21e7000-7f54d23e6000 ---p 00005000 08:07 926718                     /usr/lib/x86_64-linux-gnu/libasyncns.so.0.3.1
7f54d23e6000-7f54d23e7000 r--p 00004000 08:07 926718                     /usr/lib/x86_64-linux-gnu/libasyncns.so.0.3.1
7f54d23e7000-7f54d23e8000 rw-p 00005000 08:07 926718                     /usr/lib/x86_64-linux-gnu/libasyncns.so.0.3.1
7f54d23e8000-7f54d2449000 r-xp 00000000 08:07 927620                     /usr/lib/x86_64-linux-gnu/libsndfile.so.1.0.25
7f54d2449000-7f54d2649000 ---p 00061000 08:07 927620                     /usr/lib/x86_64-linux-gnu/libsndfile.so.1.0.25
7f54d2649000-7f54d264b000 r--p 00061000 08:07 927620                     /usr/lib/x86_64-linux-gnu/libsndfile.so.1.0.25
7f54d264b000-7f54d264c000 rw-p 00063000 08:07 927620                     /usr/lib/x86_64-linux-gnu/libsndfile.so.1.0.25
7f54d264c000-7f54d2650000 rw-p 00000000 00:00 0 
7f54d2650000-7f54d2658000 r-xp 00000000 08:07 1839494                    /lib/x86_64-linux-gnu/libwrap.so.0.7.6
7f54d2658000-7f54d2857000 ---p 00008000 08:07 1839494                    /lib/x86_64-linux-gnu/libwrap.so.0.7.6
7f54d2857000-7f54d2858000 r--p 00007000 08:07 1839494                    /lib/x86_64-linux-gnu/libwrap.so.0.7.6
7f54d2858000-7f54d2859000 rw-p 00008000 08:07 1839494                    /lib/x86_64-linux-gnu/libwrap.so.0.7.6
7f54d2859000-7f54d285a000 rw-p 00000000 00:00 0 
7f54d285a000-7f54d28c0000 r-xp 00000000 08:07 1313856                    /usr/lib/x86_64-linux-gnu/pulseaudio/libpulsecommon-4.0.so
7f54d28c0000-7f54d2abf000 ---p 00066000 08:07 1313856                    /usr/lib/x86_64-linux-gnu/pulseaudio/libpulsecommon-4.0.so
7f54d2abf000-7f54d2ac0000 r--p 00065000 08:07 1313856                    /usr/lib/x86_64-linux-gnu/pulseaudio/libpulsecommon-4.0.so
7f54d2ac0000-7f54d2ac1000 rw-p 00066000 08:07 1313856                    /usr/lib/x86_64-linux-gnu/pulseaudio/libpulsecommon-4.0.so
7f54d2ac1000-7f54d2acb000 r-xp 00000000 08:07 1836016                    /lib/x86_64-linux-gnu/libjson-c.so.2.0.0
7f54d2acb000-7f54d2cca000 ---p 0000a000 08:07 1836016                    /lib/x86_64-linux-gnu/libjson-c.so.2.0.0
7f54d2cca000-7f54d2ccb000 r--p 00009000 08:07 1836016                    /lib/x86_64-linux-gnu/libjson-c.so.2.0.0
7f54d2ccb000-7f54d2ccc000 rw-p 0000a000 08:07 1836016                    /lib/x86_64-linux-gnu/libjson-c.so.2.0.0
7f54d2ccc000-7f54d2d13000 r-xp 00000000 08:07 927539                     /usr/lib/x86_64-linux-gnu/libpulse.so.0.16.2
7f54d2d13000-7f54d2f13000 ---p 00047000 08:07 927539                     /usr/lib/x86_64-linux-gnu/libpulse.so.0.16.2
7f54d2f13000-7f54d2f14000 r--p 00047000 08:07 927539                     /usr/lib/x86_64-linux-gnu/libpulse.so.0.16.2
7f54d2f14000-7f54d2f15000 rw-p 00048000 08:07 927539                     /usr/lib/x86_64-linux-gnu/libpulse.so.0.16.2
7f54d2f15000-7f54d2f6a000 r-xp 00000000 08:07 2495811                    /tmp/libgdximralav/7b43be9b/libopenal64.so
7f54d2f6a000-7f54d3169000 ---p 00055000 08:07 2495811                    /tmp/libgdximralav/7b43be9b/libopenal64.so
7f54d3169000-7f54d316c000 r--p 00054000 08:07 2495811                    /tmp/libgdximralav/7b43be9b/libopenal64.so
7f54d316c000-7f54d316d000 rw-p 00057000 08:07 2495811                    /tmp/libgdximralav/7b43be9b/libopenal64.so
7f54d316d000-7f54d316e000 rw-p 00000000 00:00 0 
7f54d316e000-7f54d3172000 r-xp 00000000 08:07 926675                     /usr/lib/x86_64-linux-gnu/libXxf86vm.so.1.0.0
7f54d3172000-7f54d3372000 ---p 00004000 08:07 926675                     /usr/lib/x86_64-linux-gnu/libXxf86vm.so.1.0.0
7f54d3372000-7f54d3373000 r--p 00004000 08:07 926675                     /usr/lib/x86_64-linux-gnu/libXxf86vm.so.1.0.0
7f54d3373000-7f54d3374000 rw-p 00005000 08:07 926675                     /usr/lib/x86_64-linux-gnu/libXxf86vm.so.1.0.0
7f54d3374000-7f54d337d000 r-xp 00000000 08:07 926657                     /usr/lib/x86_64-linux-gnu/libXrandr.so.2.2.0
7f54d337d000-7f54d357c000 ---p 00009000 08:07 926657                     /usr/lib/x86_64-linux-gnu/libXrandr.so.2.2.0
7f54d357c000-7f54d357d000 r--p 00008000 08:07 926657                     /usr/lib/x86_64-linux-gnu/libXrandr.so.2.2.0
7f54d357d000-7f54d357e000 rw-p 00009000 08:07 926657                     /usr/lib/x86_64-linux-gnu/libXrandr.so.2.2.0
7f54d357e000-7f54d35ea000 r-xp 00000000 08:07 2495810                    /tmp/libgdximralav/7b43be9b/liblwjgl64.so
7f54d35ea000-7f54d37e9000 ---p 0006c000 08:07 2495810                    /tmp/libgdximralav/7b43be9b/liblwjgl64.so
7f54d37e9000-7f54d37eb000 r--p 0006b000 08:07 2495810                    /tmp/libgdximralav/7b43be9b/liblwjgl64.so
7f54d37eb000-7f54d37ec000 rw-p 0006d000 08:07 2495810                    /tmp/libgdximralav/7b43be9b/liblwjgl64.so
7f54d37ec000-7f54d37ed000 r-xp 00000000 08:07 1050445                    /usr/lib/jvm/java-7-openjdk-amd64/jre/lib/amd64/libjawt.so
7f54d37ed000-7f54d39ec000 ---p 00001000 08:07 1050445                    /usr/lib/jvm/java-7-openjdk-amd64/jre/lib/amd64/libjawt.so
7f54d39ec000-7f54d39ed000 r--p 00000000 08:07 1050445                    /usr/lib/jvm/java-7-openjdk-amd64/jre/lib/amd64/libjawt.so
7f54d39ed000-7f54d39ee000 rw-p 00001000 08:07 1050445                    /usr/lib/jvm/java-7-openjdk-amd64/jre/lib/amd64/libjawt.so
7f54d39ee000-7f54d39f1000 ---p 00000000 00:00 0 
7f54d39f1000-7f54d3aef000 rw-p 00000000 00:00 0                          [stack:3457]
7f54d3aef000-7f54d3af4000 r-xp 00000000 08:07 926641                     /usr/lib/x86_64-linux-gnu/libXfixes.so.3.1.0
7f54d3af4000-7f54d3cf3000 ---p 00005000 08:07 926641                     /usr/lib/x86_64-linux-gnu/libXfixes.so.3.1.0
7f54d3cf3000-7f54d3cf4000 r--p 00004000 08:07 926641                     /usr/lib/x86_64-linux-gnu/libXfixes.so.3.1.0
7f54d3cf4000-7f54d3cf5000 rw-p 00005000 08:07 926641                     /usr/lib/x86_64-linux-gnu/libXfixes.so.3.1.0
7f54d3cf5000-7f54d3cfe000 r-xp 00000000 08:07 926633                     /usr/lib/x86_64-linux-gnu/libXcursor.so.1.0.2
7f54d3cfe000-7f54d3efd000 ---p 00009000 08:07 926633                     /usr/lib/x86_64-linux-gnu/libXcursor.so.1.0.2
7f54d3efd000-7f54d3efe000 r--p 00008000 08:07 926633                     /usr/lib/x86_64-linux-gnu/libXcursor.so.1.0.2
7f54d3efe000-7f54d3eff000 rw-p 00009000 08:07 926633                     /usr/lib/x86_64-linux-gnu/libXcursor.so.1.0.2
7f54d3eff000-7f54d3f02000 ---p 00000000 00:00 0 
7f54d3f02000-7f54d4000000 rw-p 00000000 00:00 0                          [stack:3456]
7f54d4000000-7f54d4021000 rw-p 00000000 00:00 0 
7f54d4021000-7f54d8000000 ---p 00000000 00:00 0 
7f54d800b000-7f54d8043000 rw-s 00000000 00:04 22031                      /drm mm object (deleted)
7f54d8043000-7f54d8047000 r-xp 00000000 08:07 1839366                    /lib/x86_64-linux-gnu/libgpg-error.so.0.10.0
7f54d8047000-7f54d8246000 ---p 00004000 08:07 1839366                    /lib/x86_64-linux-gnu/libgpg-error.so.0.10.0
7f54d8246000-7f54d8247000 r--p 00003000 08:07 1839366                    /lib/x86_64-linux-gnu/libgpg-error.so.0.10.0
7f54d8247000-7f54d8248000 rw-p 00004000 08:07 1839366                    /lib/x86_64-linux-gnu/libgpg-error.so.0.10.0
7f54d8248000-7f54d824a000 r-xp 00000000 08:07 1839376                    /lib/x86_64-linux-gnu/libkeyutils.so.1.4
7f54d824a000-7f54d844a000 ---p 00002000 08:07 1839376                    /lib/x86_64-linux-gnu/libkeyutils.so.1.4
7f54d844a000-7f54d844b000 r--p 00002000 08:07 1839376                    /lib/x86_64-linux-gnu/libkeyutils.so.1.4
7f54d844b000-7f54d844c000 rw-p 00003000 08:07 1839376                    /lib/x86_64-linux-gnu/libkeyutils.so.1.4
7f54d844c000-7f54d8489000 r-xp 00000000 08:07 1839437                    /lib/x86_64-linux-gnu/libpcre.so.3.13.1
7f54d8489000-7f54d8688000 ---p 0003d000 08:07 1839437                    /lib/x86_64-linux-gnu/libpcre.so.3.13.1
7f54d8688000-7f54d8689000 r--p 0003c000 08:07 1839437                    /lib/x86_64-linux-gnu/libpcre.so.3.13.1
7f54d8689000-7f54d868a000 rw-p 0003d000 08:07 1839437                    /lib/x86_64-linux-gnu/libpcre.so.3.13.1
7f54d868a000-7f54d86af000 r-xp 00000000 08:07 1839449                    /lib/x86_64-linux-gnu/libpng12.so.0.50.0
7f54d86af000-7f54d88ae000 ---p 00025000 08:07 1839449                    /lib/x86_64-linux-gnu/libpng12.so.0.50.0
7f54d88ae000-7f54d88af000 r--p 00024000 08:07 1839449                    /lib/x86_64-linux-gnu/libpng12.so.0.50.0
7f54d88af000-7f54d88b0000 rw-p 00025000 08:07 1839449                    /lib/x86_64-linux-gnu/libpng12.so.0.50.0
7f54d88b0000-7f54d88f4000 r-xp 00000000 08:07 1836001                    /lib/x86_64-linux-gnu/libdbus-1.so.3.7.6
7f54d88f4000-7f54d8af3000 ---p 00044000 08:07 1836001                    /lib/x86_64-linux-gnu/libdbus-1.so.3.7.6
7f54d8af3000-7f54d8af4000 r--p 00043000 08:07 1836001                    /lib/x86_64-linux-gnu/libdbus-1.so.3.7.6
7f54d8af4000-7f54d8af5000 rw-p 00044000 08:07 1836001                    /lib/x86_64-linux-gnu/libdbus-1.so.3.7.6
7f54d8af5000-7f54d8b30000 r-xp 00000000 08:07 927479                     /usr/lib/x86_64-linux-gnu/libp11-kit.so.0.0.0
7f54d8b30000-7f54d8d2f000 ---p 0003b000 08:07 927479                     /usr/lib/x86_64-linux-gnu/libp11-kit.so.0.0.0
7f54d8d2f000-7f54d8d35000 r--p 0003a000 08:07 927479                     /usr/lib/x86_64-linux-gnu/libp11-kit.so.0.0.0
7f54d8d35000-7f54d8d37000 rw-p 00040000 08:07 927479                     /usr/lib/x86_64-linux-gnu/libp11-kit.so.0.0.0
7f54d8d37000-7f54d8d49000 r-xp 00000000 08:07 918710                     /usr/lib/x86_64-linux-gnu/libtasn1.so.6.2.0
7f54d8d49000-7f54d8f49000 ---p 00012000 08:07 918710                     /usr/lib/x86_64-linux-gnu/libtasn1.so.6.2.0
7f54d8f49000-7f54d8f4a000 r--p 00012000 08:07 918710                     /usr/lib/x86_64-linux-gnu/libtasn1.so.6.2.0
7f54d8f4a000-7f54d8f4b000 rw-p 00013000 08:07 918710                     /usr/lib/x86_64-linux-gnu/libtasn1.so.6.2.0
7f54d8f4b000-7f54d8fc7000 r-xp 00000000 08:07 1836008                    /lib/x86_64-linux-gnu/libgcrypt.so.11.8.2
7f54d8fc7000-7f54d91c6000 ---p 0007c000 08:07 1836008                    /lib/x86_64-linux-gnu/libgcrypt.so.11.8.2
7f54d91c6000-7f54d91c7000 r--p 0007b000 08:07 1836008                    /lib/x86_64-linux-gnu/libgcrypt.so.11.8.2
7f54d91c7000-7f54d91ca000 rw-p 0007c000 08:07 1836008                    /lib/x86_64-linux-gnu/libgcrypt.so.11.8.2
7f54d91ca000-7f54d91d4000 r-xp 00000000 08:07 924256                     /usr/lib/x86_64-linux-gnu/libkrb5support.so.0.1
7f54d91d4000-7f54d93d3000 ---p 0000a000 08:07 924256                     /usr/lib/x86_64-linux-gnu/libkrb5support.so.0.1
7f54d93d3000-7f54d93d4000 r--p 00009000 08:07 924256                     /usr/lib/x86_64-linux-gnu/libkrb5support.so.0.1
7f54d93d4000-7f54d93d5000 rw-p 0000a000 08:07 924256                     /usr/lib/x86_64-linux-gnu/libkrb5support.so.0.1
7f54d93d5000-7f54d93d8000 r-xp 00000000 08:07 1839342                    /lib/x86_64-linux-gnu/libcom_err.so.2.1
7f54d93d8000-7f54d95d7000 ---p 00003000 08:07 1839342                    /lib/x86_64-linux-gnu/libcom_err.so.2.1
7f54d95d7000-7f54d95d8000 r--p 00002000 08:07 1839342                    /lib/x86_64-linux-gnu/libcom_err.so.2.1
7f54d95d8000-7f54d95d9000 rw-p 00003000 08:07 1839342                    /lib/x86_64-linux-gnu/libcom_err.so.2.1
7f54d95d9000-7f54d9605000 r-xp 00000000 08:07 920613                     /usr/lib/x86_64-linux-gnu/libk5crypto.so.3.1
7f54d9605000-7f54d9804000 ---p 0002c000 08:07 920613                     /usr/lib/x86_64-linux-gnu/libk5crypto.so.3.1
7f54d9804000-7f54d9806000 r--p 0002b000 08:07 920613                     /usr/lib/x86_64-linux-gnu/libk5crypto.so.3.1
7f54d9806000-7f54d9807000 rw-p 0002d000 08:07 920613                     /usr/lib/x86_64-linux-gnu/libk5crypto.so.3.1
7f54d9807000-7f54d9808000 rw-p 00000000 00:00 0 
7f54d9808000-7f54d98c4000 r-xp 00000000 08:07 924242                     /usr/lib/x86_64-linux-gnu/libkrb5.so.3.3
7f54d98c4000-7f54d9ac4000 ---p 000bc000 08:07 924242                     /usr/lib/x86_64-linux-gnu/libkrb5.so.3.3
7f54d9ac4000-7f54d9ad1000 r--p 000bc000 08:07 924242                     /usr/lib/x86_64-linux-gnu/libkrb5.so.3.3
7f54d9ad1000-7f54d9ad3000 rw-p 000c9000 08:07 924242                     /usr/lib/x86_64-linux-gnu/libkrb5.so.3.3
7f54d9ad3000-7f54d9ad8000 r-xp 00000000 08:07 926637                     /usr/lib/x86_64-linux-gnu/libXdmcp.so.6.0.0
7f54d9ad8000-7f54d9cd7000 ---p 00005000 08:07 926637                     /usr/lib/x86_64-linux-gnu/libXdmcp.so.6.0.0
7f54d9cd7000-7f54d9cd8000 r--p 00004000 08:07 926637                     /usr/lib/x86_64-linux-gnu/libXdmcp.so.6.0.0
7f54d9cd8000-7f54d9cd9000 rw-p 00005000 08:07 926637                     /usr/lib/x86_64-linux-gnu/libXdmcp.so.6.0.0
7f54d9cd9000-7f54d9cdb000 r-xp 00000000 08:07 926626                     /usr/lib/x86_64-linux-gnu/libXau.so.6.0.0
7f54d9cdb000-7f54d9edb000 ---p 00002000 08:07 926626                     /usr/lib/x86_64-linux-gnu/libXau.so.6.0.0
7f54d9edb000-7f54d9edc000 r--p 00002000 08:07 926626                     /usr/lib/x86_64-linux-gnu/libXau.so.6.0.0
7f54d9edc000-7f54d9edd000 rw-p 00003000 08:07 926626                     /usr/lib/x86_64-linux-gnu/libXau.so.6.0.0
7f54d9edd000-7f54d9ee4000 r-xp 00000000 08:07 926939                     /usr/lib/x86_64-linux-gnu/libffi.so.6.0.1
7f54d9ee4000-7f54da0e3000 ---p 00007000 08:07 926939                     /usr/lib/x86_64-linux-gnu/libffi.so.6.0.1
7f54da0e3000-7f54da0e4000 r--p 00006000 08:07 926939                     /usr/lib/x86_64-linux-gnu/libffi.so.6.0.1
7f54da0e4000-7f54da0e5000 rw-p 00007000 08:07 926939                     /usr/lib/x86_64-linux-gnu/libffi.so.6.0.1
7f54da0e5000-7f54da0fc000 r-xp 00000000 08:07 1837510                    /lib/x86_64-linux-gnu/libresolv-2.19.so
7f54da0fc000-7f54da2fc000 ---p 00017000 08:07 1837510                    /lib/x86_64-linux-gnu/libresolv-2.19.so
7f54da2fc000-7f54da2fd000 r--p 00017000 08:07 1837510                    /lib/x86_64-linux-gnu/libresolv-2.19.so
7f54da2fd000-7f54da2fe000 rw-p 00018000 08:07 1837510                    /lib/x86_64-linux-gnu/libresolv-2.19.so
7f54da2fe000-7f54da300000 rw-p 00000000 00:00 0 
7f54da300000-7f54da320000 r-xp 00000000 08:07 1839324                    /lib/x86_64-linux-gnu/libselinux.so.1
7f54da320000-7f54da51f000 ---p 00020000 08:07 1839324                    /lib/x86_64-linux-gnu/libselinux.so.1
7f54da51f000-7f54da520000 r--p 0001f000 08:07 1839324                    /lib/x86_64-linux-gnu/libselinux.so.1
7f54da520000-7f54da521000 rw-p 00020000 08:07 1839324                    /lib/x86_64-linux-gnu/libselinux.so.1
7f54da521000-7f54da523000 rw-p 00000000 00:00 0 
7f54da523000-7f54da629000 r-xp 00000000 08:07 1836010                    /lib/x86_64-linux-gnu/libglib-2.0.so.0.4002.0
7f54da629000-7f54da828000 ---p 00106000 08:07 1836010                    /lib/x86_64-linux-gnu/libglib-2.0.so.0.4002.0
7f54da828000-7f54da829000 r--p 00105000 08:07 1836010                    /lib/x86_64-linux-gnu/libglib-2.0.so.0.4002.0
7f54da829000-7f54da82a000 rw-p 00106000 08:07 1836010                    /lib/x86_64-linux-gnu/libglib-2.0.so.0.4002.0
7f54da82a000-7f54da82b000 rw-p 00000000 00:00 0 
7f54da82b000-7f54da82e000 r-xp 00000000 08:07 918015                     /usr/lib/x86_64-linux-gnu/libgmodule-2.0.so.0.4002.0
7f54da82e000-7f54daa2d000 ---p 00003000 08:07 918015                     /usr/lib/x86_64-linux-gnu/libgmodule-2.0.so.0.4002.0
7f54daa2d000-7f54daa2e000 r--p 00002000 08:07 918015                     /usr/lib/x86_64-linux-gnu/libgmodule-2.0.so.0.4002.0
7f54daa2e000-7f54daa2f000 rw-p 00003000 08:07 918015                     /usr/lib/x86_64-linux-gnu/libgmodule-2.0.so.0.4002.0
7f54daa2f000-7f54daa56000 r-xp 00000000 08:07 1839355                    /lib/x86_64-linux-gnu/libexpat.so.1.6.0
7f54daa56000-7f54dac56000 ---p 00027000 08:07 1839355                    /lib/x86_64-linux-gnu/libexpat.so.1.6.0
7f54dac56000-7f54dac58000 r--p 00027000 08:07 1839355                    /lib/x86_64-linux-gnu/libexpat.so.1.6.0
7f54dac58000-7f54dac59000 rw-p 00029000 08:07 1839355                    /lib/x86_64-linux-gnu/libexpat.so.1.6.0
7f54dac59000-7f54dacf6000 r-xp 00000000 08:07 918014                     /usr/lib/x86_64-linux-gnu/libfreetype.so.6.11.1
7f54dacf6000-7f54daef5000 ---p 0009d000 08:07 918014                     /usr/lib/x86_64-linux-gnu/libfreetype.so.6.11.1
7f54daef5000-7f54daefb000 r--p 0009c000 08:07 918014                     /usr/lib/x86_64-linux-gnu/libfreetype.so.6.11.1
7f54daefb000-7f54daefc000 rw-p 000a2000 08:07 918014                     /usr/lib/x86_64-linux-gnu/libfreetype.so.6.11.1
7f54daefc000-7f54daf0b000 r-xp 00000000 08:07 926732                     /usr/lib/x86_64-linux-gnu/libavahi-client.so.3.2.9
7f54daf0b000-7f54db10b000 ---p 0000f000 08:07 926732                     /usr/lib/x86_64-linux-gnu/libavahi-client.so.3.2.9
7f54db10b000-7f54db10c000 r--p 0000f000 08:07 926732                     /usr/lib/x86_64-linux-gnu/libavahi-client.so.3.2.9
7f54db10c000-7f54db10d000 rw-p 00010000 08:07 926732                     /usr/lib/x86_64-linux-gnu/libavahi-client.so.3.2.9
7f54db10d000-7f54db118000 r-xp 00000000 08:07 926734                     /usr/lib/x86_64-linux-gnu/libavahi-common.so.3.5.3
7f54db118000-7f54db317000 ---p 0000b000 08:07 926734                     /usr/lib/x86_64-linux-gnu/libavahi-common.so.3.5.3
7f54db317000-7f54db318000 r--p 0000a000 08:07 926734                     /usr/lib/x86_64-linux-gnu/libavahi-common.so.3.5.3
7f54db318000-7f54db319000 rw-p 0000b000 08:07 926734                     /usr/lib/x86_64-linux-gnu/libavahi-common.so.3.5.3
7f54db319000-7f54db3cf000 r-xp 00000000 08:07 920600                     /usr/lib/x86_64-linux-gnu/libgnutls.so.26.22.6
7f54db3cf000-7f54db5cf000 ---p 000b6000 08:07 920600                     /usr/lib/x86_64-linux-gnu/libgnutls.so.26.22.6
7f54db5cf000-7f54db5d5000 r--p 000b6000 08:07 920600                     /usr/lib/x86_64-linux-gnu/libgnutls.so.26.22.6
7f54db5d5000-7f54db5d6000 rw-p 000bc000 08:07 920600                     /usr/lib/x86_64-linux-gnu/libgnutls.so.26.22.6
7f54db5d6000-7f54db5d7000 rw-p 00000000 00:00 0 
7f54db5d7000-7f54db61a000 r-xp 00000000 08:07 921377                     /usr/lib/x86_64-linux-gnu/libgssapi_krb5.so.2.2
7f54db61a000-7f54db81a000 ---p 00043000 08:07 921377                     /usr/lib/x86_64-linux-gnu/libgssapi_krb5.so.2.2
7f54db81a000-7f54db81b000 r--p 00043000 08:07 921377                     /usr/lib/x86_64-linux-gnu/libgssapi_krb5.so.2.2
7f54db81b000-7f54db81d000 rw-p 00044000 08:07 921377                     /usr/lib/x86_64-linux-gnu/libgssapi_krb5.so.2.2
7f54db81d000-7f54db83a000 r-xp 00000000 08:07 927809                     /usr/lib/x86_64-linux-gnu/libxcb.so.1.1.0
7f54db83a000-7f54dba3a000 ---p 0001d000 08:07 927809                     /usr/lib/x86_64-linux-gnu/libxcb.so.1.1.0
7f54dba3a000-7f54dba3b000 r--p 0001d000 08:07 927809                     /usr/lib/x86_64-linux-gnu/libxcb.so.1.1.0
7f54dba3b000-7f54dba3c000 rw-p 0001e000 08:07 927809                     /usr/lib/x86_64-linux-gnu/libxcb.so.1.1.0
7f54dba3c000-7f54dba8b000 r-xp 00000000 08:07 924233                     /usr/lib/x86_64-linux-gnu/libgobject-2.0.so.0.4002.0
7f54dba8b000-7f54dbc8b000 ---p 0004f000 08:07 924233                     /usr/lib/x86_64-linux-gnu/libgobject-2.0.so.0.4002.0
7f54dbc8b000-7f54dbc8c000 r--p 0004f000 08:07 924233                     /usr/lib/x86_64-linux-gnu/libgobject-2.0.so.0.4002.0
7f54dbc8c000-7f54dbc8d000 rw-p 00050000 08:07 924233                     /usr/lib/x86_64-linux-gnu/libgobject-2.0.so.0.4002.0
7f54dbc8d000-7f54dbdf9000 r-xp 00000000 08:07 924237                     /usr/lib/x86_64-linux-gnu/libgio-2.0.so.0.4002.0
7f54dbdf9000-7f54dbff8000 ---p 0016c000 08:07 924237                     /usr/lib/x86_64-linux-gnu/libgio-2.0.so.0.4002.0
7f54dbff8000-7f54dbffc000 r--p 0016b000 08:07 924237                     /usr/lib/x86_64-linux-gnu/libgio-2.0.so.0.4002.0
7f54dbffc000-7f54dbffe000 rw-p 0016f000 08:07 924237                     /usr/lib/x86_64-linux-gnu/libgio-2.0.so.0.4002.0
7f54dbffe000-7f54dc000000 rw-p 00000000 00:00 0 
7f54dc000000-7f54dc021000 rw-p 00000000 00:00 0 
7f54dc021000-7f54e0000000 ---p 00000000 00:00 0 
7f54e0000000-7f54e0003000 ---p 00000000 00:00 0 
7f54e0003000-7f54e0039000 rw-p 00000000 00:00 0                          [stack:3463]
7f54e0039000-7f54e0073000 r-xp 00000000 08:07 917923                     /usr/lib/x86_64-linux-gnu/libfontconfig.so.1.8.0
7f54e0073000-7f54e0272000 ---p 0003a000 08:07 917923                     /usr/lib/x86_64-linux-gnu/libfontconfig.so.1.8.0
7f54e0272000-7f54e0274000 r--p 00039000 08:07 917923                     /usr/lib/x86_64-linux-gnu/libfontconfig.so.1.8.0
7f54e0274000-7f54e0275000 rw-p 0003b000 08:07 917923                     /usr/lib/x86_64-linux-gnu/libfontconfig.so.1.8.0
7f54e0275000-7f54e02e1000 r-xp 00000000 08:07 921297                     /usr/lib/x86_64-linux-gnu/libcups.so.2
7f54e02e1000-7f54e04e1000 ---p 0006c000 08:07 921297                     /usr/lib/x86_64-linux-gnu/libcups.so.2
7f54e04e1000-7f54e04e8000 r--p 0006c000 08:07 921297                     /usr/lib/x86_64-linux-gnu/libcups.so.2
7f54e04e8000-7f54e04e9000 rw-p 00073000 08:07 921297                     /usr/lib/x86_64-linux-gnu/libcups.so.2
7f54e04e9000-7f54e04f8000 r-xp 00000000 08:07 926647                     /usr/lib/x86_64-linux-gnu/libXi.so.6.1.0
7f54e04f8000-7f54e06f7000 ---p 0000f000 08:07 926647                     /usr/lib/x86_64-linux-gnu/libXi.so.6.1.0
7f54e06f7000-7f54e06f8000 r--p 0000e000 08:07 926647                     /usr/lib/x86_64-linux-gnu/libXi.so.6.1.0
7f54e06f8000-7f54e06f9000 rw-p 0000f000 08:07 926647                     /usr/lib/x86_64-linux-gnu/libXi.so.6.1.0
7f54e06f9000-7f54e06fe000 r-xp 00000000 08:07 926665                     /usr/lib/x86_64-linux-gnu/libXtst.so.6.1.0
7f54e06fe000-7f54e08fd000 ---p 00005000 08:07 926665                     /usr/lib/x86_64-linux-gnu/libXtst.so.6.1.0
7f54e08fd000-7f54e08fe000 r--p 00004000 08:07 926665                     /usr/lib/x86_64-linux-gnu/libXtst.so.6.1.0
7f54e08fe000-7f54e08ff000 rw-p 00005000 08:07 926665                     /usr/lib/x86_64-linux-gnu/libXtst.so.6.1.0
7f54e08ff000-7f54e0908000 r-xp 00000000 08:07 926659                     /usr/lib/x86_64-linux-gnu/libXrender.so.1.3.0
7f54e0908000-7f54e0b07000 ---p 00009000 08:07 926659                     /usr/lib/x86_64-linux-gnu/libXrender.so.1.3.0
7f54e0b07000-7f54e0b08000 r--p 00008000 08:07 926659                     /usr/lib/x86_64-linux-gnu/libXrender.so.1.3.0
7f54e0b08000-7f54e0b09000 rw-p 00009000 08:07 926659                     /usr/lib/x86_64-linux-gnu/libXrender.so.1.3.0
7f54e0b09000-7f54e0c39000 r-xp 00000000 08:07 926622                     /usr/lib/x86_64-linux-gnu/libX11.so.6.3.0
7f54e0c39000-7f54e0e39000 ---p 00130000 08:07 926622                     /usr/lib/x86_64-linux-gnu/libX11.so.6.3.0
7f54e0e39000-7f54e0e3a000 r--p 00130000 08:07 926622                     /usr/lib/x86_64-linux-gnu/libX11.so.6.3.0
7f54e0e3a000-7f54e0e3e000 rw-p 00131000 08:07 926622                     /usr/lib/x86_64-linux-gnu/libX11.so.6.3.0
7f54e0e3e000-7f54e0e4f000 r-xp 00000000 08:07 926639                     /usr/lib/x86_64-linux-gnu/libXext.so.6.4.0
7f54e0e4f000-7f54e104e000 ---p 00011000 08:07 926639                     /usr/lib/x86_64-linux-gnu/libXext.so.6.4.0
7f54e104e000-7f54e104f000 r--p 00010000 08:07 926639                     /usr/lib/x86_64-linux-gnu/libXext.so.6.4.0
7f54e104f000-7f54e1050000 rw-p 00011000 08:07 926639                     /usr/lib/x86_64-linux-gnu/libXext.so.6.4.0
7f54e1050000-7f54e1098000 r-xp 00000000 08:07 1050349                    /usr/lib/jvm/java-7-openjdk-amd64/jre/lib/amd64/xawt/libmawt.so
7f54e1098000-7f54e1297000 ---p 00048000 08:07 1050349                    /usr/lib/jvm/java-7-openjdk-amd64/jre/lib/amd64/xawt/libmawt.so
7f54e1297000-7f54e1298000 r--p 00047000 08:07 1050349                    /usr/lib/jvm/java-7-openjdk-amd64/jre/lib/amd64/xawt/libmawt.so
7f54e1298000-7f54e129b000 rw-p 00048000 08:07 1050349                    /usr/lib/jvm/java-7-openjdk-amd64/jre/lib/amd64/xawt/libmawt.so
7f54e129b000-7f54e129c000 rw-p 00000000 00:00 0 
7f54e129c000-7f54e133c000 r-xp 00000000 08:07 1050443                    /usr/lib/jvm/java-7-openjdk-amd64/jre/lib/amd64/libawt.so
7f54e133c000-7f54e153c000 ---p 000a0000 08:07 1050443                    /usr/lib/jvm/java-7-openjdk-amd64/jre/lib/amd64/libawt.so
7f54e153c000-7f54e153d000 r--p 000a0000 08:07 1050443                    /usr/lib/jvm/java-7-openjdk-amd64/jre/lib/amd64/libawt.so
7f54e153d000-7f54e1548000 rw-p 000a1000 08:07 1050443                    /usr/lib/jvm/java-7-openjdk-amd64/jre/lib/amd64/libawt.so
7f54e1548000-7f54e156d000 rw-p 00000000 00:00 0 
7f54e156d000-7f54e15aa000 r-xp 00000000 08:07 2495807                    /tmp/libgdximralav/5502b6ed/libgdx64.so
7f54e15aa000-7f54e17a9000 ---p 0003d000 08:07 2495807                    /tmp/libgdximralav/5502b6ed/libgdx64.so
7f54e17a9000-7f54e17aa000 r--p 0003c000 08:07 2495807                    /tmp/libgdximralav/5502b6ed/libgdx64.so
7f54e17aa000-7f54e17ab000 rw-p 0003d000 08:07 2495807                    /tmp/libgdximralav/5502b6ed/libgdx64.so
7f54e17ab000-7f54e17ac000 ---p 00000000 00:00 0 
7f54e17ac000-7f54e18ac000 rw-p 00000000 00:00 0                          [stack:3455]
7f54e18ac000-7f54e18af000 ---p 00000000 00:00 0 
7f54e18af000-7f54e19ad000 rw-p 00000000 00:00 0                          [stack:3454]
7f54e19ad000-7f54e19b0000 ---p 00000000 00:00 0 
7f54e19b0000-7f54e1aae000 rw-p 00000000 00:00 0                          [stack:3453]
7f54e1aae000-7f54e1ab1000 ---p 00000000 00:00 0 
7f54e1ab1000-7f54e1baf000 rw-p 00000000 00:00 0                          [stack:3452]
7f54e1baf000-7f54e1bb2000 ---p 00000000 00:00 0 
7f54e1bb2000-7f54e4000000 rw-p 00000000 00:00 0                          [stack:3448]
7f54e4000000-7f54e4021000 rw-p 00000000 00:00 0 
7f54e4021000-7f54e8000000 ---p 00000000 00:00 0 
7f54e8016000-7f54e8017000 rw-s 00000000 00:04 20035                      /drm mm object (deleted)
7f54e8017000-7f54e8018000 rw-s 00000000 00:04 20028                      /drm mm object (deleted)
7f54e8018000-7f54e8019000 rwxp 00000000 00:00 0 
7f54e8019000-7f54e8021000 rw-s 00000000 00:04 22029                      /drm mm object (deleted)
7f54e8021000-7f54e8029000 rw-s 00000000 00:04 22028                      /drm mm object (deleted)
7f54e8029000-7f54e802a000 rw-s 00000000 00:04 22025                      /drm mm object (deleted)
7f54e802a000-7f54e8032000 rw-s 00000000 00:04 22024                      /drm mm object (deleted)
7f54e8032000-7f54e8044000 r--p 00000000 08:07 1453508                    /usr/share/locale-langpack/pl/LC_MESSAGES/pulseaudio.mo
7f54e8044000-7f54e804d000 r--s 000b9000 08:07 1049646                    /usr/lib/jvm/java-7-openjdk-amd64/jre/lib/resources.jar
7f54e804d000-7f54e8054000 r--s 00000000 08:07 1323233                    /usr/lib/x86_64-linux-gnu/gconv/gconv-modules.cache
7f54e8054000-7f54e8079000 r--p 00000000 08:07 1453396                    /usr/share/locale-langpack/pl/LC_MESSAGES/libc.mo
7f54e8079000-7f54e8083000 r--s 00203000 08:07 1050488                    /usr/lib/jvm/java-7-openjdk-amd64/jre/lib/charsets.jar
7f54e8083000-7f54e8084000 r--s 00002000 08:08 527950                     /home/imralav/.gradle/caches/modules-2/files-2.1/net.java.jinput/jinput-platform/2.0.5/53f9c919f34d2ca9de8c51fc4e1e8282029a9232/jinput-platform-2.0.5-natives-osx.jar
7f54e8084000-7f54e8085000 r--s 00025000 08:08 527948                     /home/imralav/.gradle/caches/modules-2/files-2.1/net.java.jinput/jinput-platform/2.0.5/385ee093e01f587f30ee1c8a2ee7d408fd732e16/jinput-platform-2.0.5-natives-windows.jar
7f54e8085000-7f54e8086000 r--s 00002000 08:08 527946                     /home/imralav/.gradle/caches/modules-2/files-2.1/net.java.jinput/jinput-platform/2.0.5/7ff832a6eb9ab6a767f1ade2b548092d0fa64795/jinput-platform-2.0.5-natives-linux.jar
7f54e8086000-7f54e8087000 r--s 00001000 08:08 527944                     /home/imralav/.gradle/caches/modules-2/files-2.1/net.java.jutils/jutils/1.0.0/e12fe1fda814bd348c1579329c86943d2cd3c6a6/jutils-1.0.0.jar
7f54e8087000-7f54e808b000 r--s 0002f000 08:08 527942                     /home/imralav/.gradle/caches/modules-2/files-2.1/net.java.jinput/jinput/2.0.5/39c7796b469a600f72380316f6b1f11db6c2c7c4/jinput-2.0.5.jar
7f54e808b000-7f54e808c000 r--s 00080000 08:08 527940                     /home/imralav/.gradle/caches/modules-2/files-2.1/org.lwjgl.lwjgl/lwjgl-platform/2.9.1/2d12c83fdfbc04ecabf02c7bc8cc54d034f0daac/lwjgl-platform-2.9.1-natives-osx.jar
7f54e808c000-7f54e808d000 r--s 0008b000 08:08 527938                     /home/imralav/.gradle/caches/modules-2/files-2.1/org.lwjgl.lwjgl/lwjgl-platform/2.9.1/aa9aae879af8eb378e22cfc64db56ec2ca9a44d1/lwjgl-platform-2.9.1-natives-linux.jar
7f54e808d000-7f54e808f000 r--s 00017000 08:08 527934                     /home/imralav/.gradle/caches/modules-2/files-2.1/org.jcraft/jorbis/0.0.17/8872d22b293e8f5d7d56ff92be966e6dc28ebdc6/jorbis-0.0.17.jar
7f54e808f000-7f54e8093000 r--s 00027000 08:08 527930                     /home/imralav/.gradle/caches/modules-2/files-2.1/org.lwjgl.lwjgl/lwjgl_util/2.9.1/290d7ba8a1bd9566f5ddf16ad06f09af5ec9b20e/lwjgl_util-2.9.1.jar
7f54e8093000-7f54e80ac000 r--s 00185000 08:08 527924                     /home/imralav/.gradle/caches/modules-2/files-2.1/com.badlogicgames.gdx/gdx/1.4.1/df470d263438048af74860ca51fc497c16a0c76a/gdx-1.4.1.jar
7f54e80ac000-7f54e80af000 ---p 00000000 00:00 0 
7f54e80af000-7f54e81ad000 rw-p 00000000 00:00 0                          [stack:3447]
7f54e81ad000-7f54e81b0000 ---p 00000000 00:00 0 
7f54e81b0000-7f54e82ae000 rw-p 00000000 00:00 0                          [stack:3446]
7f54e82ae000-7f54e82b2000 r-xp 00000000 08:07 1050405                    /usr/lib/jvm/java-7-openjdk-amd64/jre/lib/amd64/libdt_socket.so
7f54e82b2000-7f54e84b1000 ---p 00004000 08:07 1050405                    /usr/lib/jvm/java-7-openjdk-amd64/jre/lib/amd64/libdt_socket.so
7f54e84b1000-7f54e84b2000 r--p 00003000 08:07 1050405                    /usr/lib/jvm/java-7-openjdk-amd64/jre/lib/amd64/libdt_socket.so
7f54e84b2000-7f54e84b3000 rw-p 00004000 08:07 1050405                    /usr/lib/jvm/java-7-openjdk-amd64/jre/lib/amd64/libdt_socket.so
7f54e84b3000-7f54e84b6000 ---p 00000000 00:00 0 
7f54e84b6000-7f54e85b4000 rw-p 00000000 00:00 0                          [stack:3443]
7f54e85b4000-7f54e85b7000 ---p 00000000 00:00 0 
7f54e85b7000-7f54e86b5000 rw-p 00000000 00:00 0                          [stack:3442]
7f54e86b5000-7f54e86b8000 ---p 00000000 00:00 0 
7f54e86b8000-7f54e87b6000 rw-p 00000000 00:00 0                          [stack:3441]
7f54e87b6000-7f54e87b7000 ---p 00000000 00:00 0 
7f54e87b7000-7f54e9000000 rw-p 00000000 00:00 0                          [stack:3440]
7f54e9000000-7f54e9270000 rwxp 00000000 00:00 0 
7f54e9270000-7f54ec388000 rw-p 00000000 00:00 0 
7f54ec388000-7f54f0000000 ---p 00000000 00:00 0 
7f54f0000000-7f54f0001000 r--s 00095000 08:08 527936                     /home/imralav/.gradle/caches/modules-2/files-2.1/org.lwjgl.lwjgl/lwjgl-platform/2.9.1/4c517eca808522457dd95ee8fc1fbcdbb602efbe/lwjgl-platform-2.9.1-natives-windows.jar
7f54f0001000-7f54f0002000 r--s 00015000 08:08 527932                     /home/imralav/.gradle/caches/modules-2/files-2.1/com.badlogicgames.jlayer/jlayer/1.0.1-gdx/7cca83cec5c1b2f011362f4d85aabd71a73b049d/jlayer-1.0.1-gdx.jar
7f54f0002000-7f54f0010000 r--s 000ea000 08:08 527928                     /home/imralav/.gradle/caches/modules-2/files-2.1/org.lwjgl.lwjgl/lwjgl/2.9.1/f58c5aabcef0e41718a564be9f8e412fff8db847/lwjgl-2.9.1.jar
7f54f0010000-7f54f0011000 r--s 000fa000 08:08 527922                     /home/imralav/.gradle/caches/modules-2/files-2.1/com.badlogicgames.gdx/gdx-box2d-platform/1.4.1/f5d0058176f459375361fadf3a0b3d9f6f852a37/gdx-box2d-platform-1.4.1-natives-desktop.jar
7f54f0011000-7f54f0013000 r--s 000d4000 08:08 527920                     /home/imralav/.gradle/caches/modules-2/files-2.1/com.badlogicgames.gdx/gdx-platform/1.4.1/64fd6c8128aed2664de93681f5a1c7fa7c023b02/gdx-platform-1.4.1-natives-desktop.jar
7f54f0013000-7f54f0016000 r--s 0001f000 08:08 527918                     /home/imralav/.gradle/caches/modules-2/files-2.1/com.badlogicgames.gdx/gdx-backend-lwjgl/1.4.1/f31a8b9a0b7955fadf25ff3b77f1824b3927d4ed/gdx-backend-lwjgl-1.4.1.jar
7f54f0016000-7f54f08ca000 rw-p 00000000 00:00 0 
7f54f08ca000-7f54f0a7b000 r--s 01d25000 08:07 1050504                    /usr/lib/jvm/java-7-openjdk-amd64/jre/lib/rt.jar
7f54f0a7b000-7f54f0da9000 rw-p 00000000 00:00 0 
7f54f0da9000-7f54f0daa000 ---p 00000000 00:00 0 
7f54f0daa000-7f54f0eaa000 rw-p 00000000 00:00 0                          [stack:3439]
7f54f0eaa000-7f54f0eab000 ---p 00000000 00:00 0 
7f54f0eab000-7f54f0fab000 rw-p 00000000 00:00 0                          [stack:3438]
7f54f0fab000-7f54f0fac000 ---p 00000000 00:00 0 
7f54f0fac000-7f54f10ac000 rw-p 00000000 00:00 0                          [stack:3437]
7f54f10ac000-7f54f10ad000 ---p 00000000 00:00 0 
7f54f10ad000-7f54f11b8000 rw-p 00000000 00:00 0                          [stack:3436]
7f54f11b8000-7f54f1200000 rw-p 00000000 00:00 0 
7f54f1200000-7f54f1214000 rw-p 00000000 00:00 0 
7f54f1214000-7f54f1342000 rw-p 00000000 00:00 0 
7f54f1342000-7f54f134d000 rw-p 00000000 00:00 0 
7f54f134d000-7f54f1395000 rw-p 00000000 00:00 0 
7f54f1395000-7f54f13a9000 rw-p 00000000 00:00 0 
7f54f13a9000-7f54f14d6000 rw-p 00000000 00:00 0 
7f54f14d6000-7f54f14e1000 rw-p 00000000 00:00 0 
7f54f14e1000-7f54f1577000 rw-p 00000000 00:00 0 
7f54f1577000-7f54f1578000 rw-p 00000000 00:00 0 
7f54f1578000-7f54f1580000 r-xp 00000000 08:07 1050093                    /usr/lib/jvm/java-7-openjdk-amd64/jre/lib/amd64/libzip.so
7f54f1580000-7f54f177f000 ---p 00008000 08:07 1050093                    /usr/lib/jvm/java-7-openjdk-amd64/jre/lib/amd64/libzip.so
7f54f177f000-7f54f1780000 r--p 00007000 08:07 1050093                    /usr/lib/jvm/java-7-openjdk-amd64/jre/lib/amd64/libzip.so
7f54f1780000-7f54f1781000 rw-p 00008000 08:07 1050093                    /usr/lib/jvm/java-7-openjdk-amd64/jre/lib/amd64/libzip.so
7f54f1781000-7f54f178c000 r-xp 00000000 08:07 1837530                    /lib/x86_64-linux-gnu/libnss_files-2.19.so
7f54f178c000-7f54f198b000 ---p 0000b000 08:07 1837530                    /lib/x86_64-linux-gnu/libnss_files-2.19.so
7f54f198b000-7f54f198c000 r--p 0000a000 08:07 1837530                    /lib/x86_64-linux-gnu/libnss_files-2.19.so
7f54f198c000-7f54f198d000 rw-p 0000b000 08:07 1837530                    /lib/x86_64-linux-gnu/libnss_files-2.19.so
7f54f198d000-7f54f1998000 r-xp 00000000 08:07 1837564                    /lib/x86_64-linux-gnu/libnss_nis-2.19.so
7f54f1998000-7f54f1b97000 ---p 0000b000 08:07 1837564                    /lib/x86_64-linux-gnu/libnss_nis-2.19.so
7f54f1b97000-7f54f1b98000 r--p 0000a000 08:07 1837564                    /lib/x86_64-linux-gnu/libnss_nis-2.19.so
7f54f1b98000-7f54f1b99000 rw-p 0000b000 08:07 1837564                    /lib/x86_64-linux-gnu/libnss_nis-2.19.so
7f54f1b99000-7f54f1bb0000 r-xp 00000000 08:07 1837516                    /lib/x86_64-linux-gnu/libnsl-2.19.so
7f54f1bb0000-7f54f1daf000 ---p 00017000 08:07 1837516                    /lib/x86_64-linux-gnu/libnsl-2.19.so
7f54f1daf000-7f54f1db0000 r--p 00016000 08:07 1837516                    /lib/x86_64-linux-gnu/libnsl-2.19.so
7f54f1db0000-7f54f1db1000 rw-p 00017000 08:07 1837516                    /lib/x86_64-linux-gnu/libnsl-2.19.so
7f54f1db1000-7f54f1db3000 rw-p 00000000 00:00 0 
7f54f1db3000-7f54f1dbc000 r-xp 00000000 08:07 1837539                    /lib/x86_64-linux-gnu/libnss_compat-2.19.so
7f54f1dbc000-7f54f1fbb000 ---p 00009000 08:07 1837539                    /lib/x86_64-linux-gnu/libnss_compat-2.19.so
7f54f1fbb000-7f54f1fbc000 r--p 00008000 08:07 1837539                    /lib/x86_64-linux-gnu/libnss_compat-2.19.so
7f54f1fbc000-7f54f1fbd000 rw-p 00009000 08:07 1837539                    /lib/x86_64-linux-gnu/libnss_compat-2.19.so
7f54f1fbd000-7f54f23b7000 r--p 00000000 08:07 925027                     /usr/lib/locale/locale-archive
7f54f23b7000-7f54f23ba000 r-xp 00000000 08:07 1050429                    /usr/lib/jvm/java-7-openjdk-amd64/jre/lib/amd64/libnpt.so
7f54f23ba000-7f54f25b9000 ---p 00003000 08:07 1050429                    /usr/lib/jvm/java-7-openjdk-amd64/jre/lib/amd64/libnpt.so
7f54f25b9000-7f54f25ba000 r--p 00002000 08:07 1050429                    /usr/lib/jvm/java-7-openjdk-amd64/jre/lib/amd64/libnpt.so
7f54f25ba000-7f54f25bb000 rw-p 00003000 08:07 1050429                    /usr/lib/jvm/java-7-openjdk-amd64/jre/lib/amd64/libnpt.so
7f54f25bb000-7f54f25f5000 r-xp 00000000 08:07 1050419                    /usr/lib/jvm/java-7-openjdk-amd64/jre/lib/amd64/libjdwp.so
7f54f25f5000-7f54f27f4000 ---p 0003a000 08:07 1050419                    /usr/lib/jvm/java-7-openjdk-amd64/jre/lib/amd64/libjdwp.so
7f54f27f4000-7f54f27f5000 r--p 00039000 08:07 1050419                    /usr/lib/jvm/java-7-openjdk-amd64/jre/lib/amd64/libjdwp.so
7f54f27f5000-7f54f27f6000 rw-p 0003a000 08:07 1050419                    /usr/lib/jvm/java-7-openjdk-amd64/jre/lib/amd64/libjdwp.so
7f54f27f6000-7f54f2821000 r-xp 00000000 08:07 1050110                    /usr/lib/jvm/java-7-openjdk-amd64/jre/lib/amd64/libjava.so
7f54f2821000-7f54f2a20000 ---p 0002b000 08:07 1050110                    /usr/lib/jvm/java-7-openjdk-amd64/jre/lib/amd64/libjava.so
7f54f2a20000-7f54f2a21000 r--p 0002a000 08:07 1050110                    /usr/lib/jvm/java-7-openjdk-amd64/jre/lib/amd64/libjava.so
7f54f2a21000-7f54f2a23000 rw-p 0002b000 08:07 1050110                    /usr/lib/jvm/java-7-openjdk-amd64/jre/lib/amd64/libjava.so
7f54f2a23000-7f54f2a33000 r-xp 00000000 08:07 1050423                    /usr/lib/jvm/java-7-openjdk-amd64/jre/lib/amd64/libverify.so
7f54f2a33000-7f54f2c32000 ---p 00010000 08:07 1050423                    /usr/lib/jvm/java-7-openjdk-amd64/jre/lib/amd64/libverify.so
7f54f2c32000-7f54f2c34000 r--p 0000f000 08:07 1050423                    /usr/lib/jvm/java-7-openjdk-amd64/jre/lib/amd64/libverify.so
7f54f2c34000-7f54f2c35000 rw-p 00011000 08:07 1050423                    /usr/lib/jvm/java-7-openjdk-amd64/jre/lib/amd64/libverify.so
7f54f2c35000-7f54f2c3c000 r-xp 00000000 08:07 1837570                    /lib/x86_64-linux-gnu/librt-2.19.so
7f54f2c3c000-7f54f2e3b000 ---p 00007000 08:07 1837570                    /lib/x86_64-linux-gnu/librt-2.19.so
7f54f2e3b000-7f54f2e3c000 r--p 00006000 08:07 1837570                    /lib/x86_64-linux-gnu/librt-2.19.so
7f54f2e3c000-7f54f2e3d000 rw-p 00007000 08:07 1837570                    /lib/x86_64-linux-gnu/librt-2.19.so
7f54f2e3d000-7f54f2e53000 r-xp 00000000 08:07 1836007                    /lib/x86_64-linux-gnu/libgcc_s.so.1
7f54f2e53000-7f54f3052000 ---p 00016000 08:07 1836007                    /lib/x86_64-linux-gnu/libgcc_s.so.1
7f54f3052000-7f54f3053000 rw-p 00015000 08:07 1836007                    /lib/x86_64-linux-gnu/libgcc_s.so.1
7f54f3053000-7f54f3158000 r-xp 00000000 08:07 1837514                    /lib/x86_64-linux-gnu/libm-2.19.so
7f54f3158000-7f54f3357000 ---p 00105000 08:07 1837514                    /lib/x86_64-linux-gnu/libm-2.19.so
7f54f3357000-7f54f3358000 r--p 00104000 08:07 1837514                    /lib/x86_64-linux-gnu/libm-2.19.so
7f54f3358000-7f54f3359000 rw-p 00105000 08:07 1837514                    /lib/x86_64-linux-gnu/libm-2.19.so
7f54f3359000-7f54f343f000 r-xp 00000000 08:07 927650                     /usr/lib/x86_64-linux-gnu/libstdc++.so.6.0.19
7f54f343f000-7f54f363e000 ---p 000e6000 08:07 927650                     /usr/lib/x86_64-linux-gnu/libstdc++.so.6.0.19
7f54f363e000-7f54f3646000 r--p 000e5000 08:07 927650                     /usr/lib/x86_64-linux-gnu/libstdc++.so.6.0.19
7f54f3646000-7f54f3648000 rw-p 000ed000 08:07 927650                     /usr/lib/x86_64-linux-gnu/libstdc++.so.6.0.19
7f54f3648000-7f54f365d000 rw-p 00000000 00:00 0 
7f54f365d000-7f54f4173000 r-xp 00000000 08:07 1050435                    /usr/lib/jvm/java-7-openjdk-amd64/jre/lib/amd64/server/libjvm.so
7f54f4173000-7f54f4372000 ---p 00b16000 08:07 1050435                    /usr/lib/jvm/java-7-openjdk-amd64/jre/lib/amd64/server/libjvm.so
7f54f4372000-7f54f440c000 r--p 00b15000 08:07 1050435                    /usr/lib/jvm/java-7-openjdk-amd64/jre/lib/amd64/server/libjvm.so
7f54f440c000-7f54f442f000 rw-p 00baf000 08:07 1050435                    /usr/lib/jvm/java-7-openjdk-amd64/jre/lib/amd64/server/libjvm.so
7f54f442f000-7f54f445d000 rw-p 00000000 00:00 0 
7f54f445d000-7f54f4475000 r-xp 00000000 08:07 1839497                    /lib/x86_64-linux-gnu/libz.so.1.2.8
7f54f4475000-7f54f4674000 ---p 00018000 08:07 1839497                    /lib/x86_64-linux-gnu/libz.so.1.2.8
7f54f4674000-7f54f4675000 r--p 00017000 08:07 1839497                    /lib/x86_64-linux-gnu/libz.so.1.2.8
7f54f4675000-7f54f4676000 rw-p 00018000 08:07 1839497                    /lib/x86_64-linux-gnu/libz.so.1.2.8
7f54f4676000-7f54f468f000 r-xp 00000000 08:07 1837524                    /lib/x86_64-linux-gnu/libpthread-2.19.so
7f54f468f000-7f54f488e000 ---p 00019000 08:07 1837524                    /lib/x86_64-linux-gnu/libpthread-2.19.so
7f54f488e000-7f54f488f000 r--p 00018000 08:07 1837524                    /lib/x86_64-linux-gnu/libpthread-2.19.so
7f54f488f000-7f54f4890000 rw-p 00019000 08:07 1837524                    /lib/x86_64-linux-gnu/libpthread-2.19.so
7f54f4890000-7f54f4894000 rw-p 00000000 00:00 0 
7f54f4894000-7f54f4897000 r-xp 00000000 08:07 1837534                    /lib/x86_64-linux-gnu/libdl-2.19.so
7f54f4897000-7f54f4a96000 ---p 00003000 08:07 1837534                    /lib/x86_64-linux-gnu/libdl-2.19.so
7f54f4a96000-7f54f4a97000 r--p 00002000 08:07 1837534                    /lib/x86_64-linux-gnu/libdl-2.19.so
7f54f4a97000-7f54f4a98000 rw-p 00003000 08:07 1837534                    /lib/x86_64-linux-gnu/libdl-2.19.so
7f54f4a98000-7f54f4c53000 r-xp 00000000 08:07 1837566                    /lib/x86_64-linux-gnu/libc-2.19.so
7f54f4c53000-7f54f4e53000 ---p 001bb000 08:07 1837566                    /lib/x86_64-linux-gnu/libc-2.19.so
7f54f4e53000-7f54f4e57000 r--p 001bb000 08:07 1837566                    /lib/x86_64-linux-gnu/libc-2.19.so
7f54f4e57000-7f54f4e59000 rw-p 001bf000 08:07 1837566                    /lib/x86_64-linux-gnu/libc-2.19.so
7f54f4e59000-7f54f4e5e000 rw-p 00000000 00:00 0 
7f54f4e5e000-7f54f4e6b000 r-xp 00000000 08:07 1050101                    /usr/lib/jvm/java-7-openjdk-amd64/jre/lib/amd64/jli/libjli.so
7f54f4e6b000-7f54f506a000 ---p 0000d000 08:07 1050101                    /usr/lib/jvm/java-7-openjdk-amd64/jre/lib/amd64/jli/libjli.so
7f54f506a000-7f54f506b000 r--p 0000c000 08:07 1050101                    /usr/lib/jvm/java-7-openjdk-amd64/jre/lib/amd64/jli/libjli.so
7f54f506b000-7f54f506c000 rw-p 0000d000 08:07 1050101                    /usr/lib/jvm/java-7-openjdk-amd64/jre/lib/amd64/jli/libjli.so
7f54f506c000-7f54f508f000 r-xp 00000000 08:07 1837541                    /lib/x86_64-linux-gnu/ld-2.19.so
7f54f508f000-7f54f50b0000 rw-p 00000000 00:00 0 
7f54f50b0000-7f54f5166000 rw-p 00000000 00:00 0 
7f54f5166000-7f54f5169000 ---p 00000000 00:00 0 
7f54f5169000-7f54f526c000 rw-p 00000000 00:00 0                          [stack:3431]
7f54f526c000-7f54f526e000 r--s 00010000 08:08 527926                     /home/imralav/.gradle/caches/modules-2/files-2.1/com.badlogicgames.gdx/gdx-box2d/1.4.1/9e6453d244896698694a7f3059f15ae509044101/gdx-box2d-1.4.1.jar
7f54f526e000-7f54f5272000 r--s 00085000 08:07 1050501                    /usr/lib/jvm/java-7-openjdk-amd64/jre/lib/ext/localedata.jar
7f54f5272000-7f54f5275000 r--s 0000f000 08:07 1050498                    /usr/lib/jvm/java-7-openjdk-amd64/jre/lib/ext/icedtea-sound.jar
7f54f5275000-7f54f5277000 r--s 00012000 08:07 1050499                    /usr/lib/jvm/java-7-openjdk-amd64/jre/lib/ext/zipfs.jar
7f54f5277000-7f54f5279000 r--s 00006000 08:07 1320102                    /usr/share/java/java-atk-wrapper.jar
7f54f5279000-7f54f527d000 r--s 00034000 08:07 1050502                    /usr/lib/jvm/java-7-openjdk-amd64/jre/lib/ext/sunjce_provider.jar
7f54f527d000-7f54f5281000 r--s 0003c000 08:07 1050500                    /usr/lib/jvm/java-7-openjdk-amd64/jre/lib/ext/sunpkcs11.jar
7f54f5281000-7f54f5282000 r--s 00002000 08:07 1050503                    /usr/lib/jvm/java-7-openjdk-amd64/jre/lib/ext/dnsns.jar
7f54f5282000-7f54f528a000 rw-s 00000000 08:07 2495804                    /tmp/hsperfdata_imralav/3429
7f54f528a000-7f54f528b000 rw-p 00000000 00:00 0 
7f54f528b000-7f54f528c000 r--p 00000000 00:00 0 
7f54f528c000-7f54f528e000 rw-p 00000000 00:00 0 
7f54f528e000-7f54f528f000 r--p 00022000 08:07 1837541                    /lib/x86_64-linux-gnu/ld-2.19.so
7f54f528f000-7f54f5290000 rw-p 00023000 08:07 1837541                    /lib/x86_64-linux-gnu/ld-2.19.so
7f54f5290000-7f54f5291000 rw-p 00000000 00:00 0 
7fff7e46d000-7fff7e48f000 rw-p 00000000 00:00 0                          [stack]
7fff7e499000-7fff7e49b000 r-xp 00000000 00:00 0                          [vdso]
ffffffffff600000-ffffffffff601000 r-xp 00000000 00:00 0                  [vsyscall]

VM Arguments:
jvm_args: -agentlib:jdwp=transport=dt_socket,suspend=y,address=localhost:41703 -Dfile.encoding=UTF-8 
java_command: pl.edu.pb.wi.ztpmtm.desktop.DesktopLauncher
Launcher Type: SUN_STANDARD

Environment Variables:
JAVA_HOME=/usr/lib/jvm/java-7-openjdk-amd64
PATH=/usr/local/sbin:/usr/local/bin:/usr/sbin:/usr/bin:/sbin:/bin:/usr/games:/usr/local/games
USERNAME=imralav
SHELL=/bin/bash
DISPLAY=:0

Signal Handlers:
SIGSEGV: [libjvm.so+0x9495e0], sa_mask[0]=0x7ffbfeff, sa_flags=0x10000004
SIGBUS: [libjvm.so+0x9495e0], sa_mask[0]=0x7ffbfeff, sa_flags=0x10000004
SIGFPE: [libjvm.so+0x7c3410], sa_mask[0]=0x7ffbfeff, sa_flags=0x10000004
SIGPIPE: [libjvm.so+0x7c3410], sa_mask[0]=0x7ffbfeff, sa_flags=0x10000004
SIGXFSZ: [libjvm.so+0x7c3410], sa_mask[0]=0x7ffbfeff, sa_flags=0x10000004
SIGILL: [libjvm.so+0x7c3410], sa_mask[0]=0x7ffbfeff, sa_flags=0x10000004
SIGUSR1: SIG_DFL, sa_mask[0]=0x00000000, sa_flags=0x00000000
SIGUSR2: [libjvm.so+0x7c32b0], sa_mask[0]=0x00000004, sa_flags=0x10000004
SIGHUP: [libjvm.so+0x7c3490], sa_mask[0]=0x7ffbfeff, sa_flags=0x10000004
SIGINT: [libjvm.so+0x7c3490], sa_mask[0]=0x7ffbfeff, sa_flags=0x10000004
SIGTERM: [libjvm.so+0x7c3490], sa_mask[0]=0x7ffbfeff, sa_flags=0x10000004
SIGQUIT: [libjvm.so+0x7c3490], sa_mask[0]=0x7ffbfeff, sa_flags=0x10000004
SIGTRAP: SIG_DFL, sa_mask[0]=0x00000000, sa_flags=0x00000000


---------------  S Y S T E M  ---------------

OS:LinuxMint 17.1 (rebecca)
uname:Linux 3.13.0-24-generic #47-Ubuntu SMP Fri May 2 23:30:00 UTC 2014 x86_64
libc:glibc 2.19 NPTL 2.19 
rlimit: STACK 8192k, CORE 0k, NPROC 30564, NOFILE 4096, AS infinity
load average:0,41 0,34 0,31

/proc/meminfo:
MemTotal:        3942828 kB
MemFree:         1026592 kB
Buffers:          165888 kB
Cached:           989140 kB
SwapCached:            0 kB
Active:          1817236 kB
Inactive:         901372 kB
Active(anon):    1565476 kB
Inactive(anon):   154812 kB
Active(file):     251760 kB
Inactive(file):   746560 kB
Unevictable:           0 kB
Mlocked:               0 kB
SwapTotal:       1998844 kB
SwapFree:        1998844 kB
Dirty:               420 kB
Writeback:             0 kB
AnonPages:       1563620 kB
Mapped:           272372 kB
Shmem:            156708 kB
Slab:             118736 kB
SReclaimable:      94376 kB
SUnreclaim:        24360 kB
KernelStack:        3928 kB
PageTables:        23128 kB
NFS_Unstable:          0 kB
Bounce:                0 kB
WritebackTmp:          0 kB
CommitLimit:     3970256 kB
Committed_AS:    3918500 kB
VmallocTotal:   34359738367 kB
VmallocUsed:      347708 kB
VmallocChunk:   34359385736 kB
HardwareCorrupted:     0 kB
AnonHugePages:    579584 kB
HugePages_Total:       0
HugePages_Free:        0
HugePages_Rsvd:        0
HugePages_Surp:        0
Hugepagesize:       2048 kB
DirectMap4k:       81076 kB
DirectMap2M:     4007936 kB


CPU:total 4 (2 cores per cpu, 2 threads per core) family 6 model 58 stepping 9, cmov, cx8, fxsr, mmx, sse, sse2, sse3, ssse3, sse4.1, sse4.2, popcnt, avx, aes, erms, ht, tsc, tscinvbit, tscinv

/proc/cpuinfo:
processor	: 0
vendor_id	: GenuineIntel
cpu family	: 6
model		: 58
model name	: Intel(R) Core(TM) i5-3210M CPU @ 2.50GHz
stepping	: 9
microcode	: 0x12
cpu MHz		: 1200.000
cache size	: 3072 KB
physical id	: 0
siblings	: 4
core id		: 0
cpu cores	: 2
apicid		: 0
initial apicid	: 0
fpu		: yes
fpu_exception	: yes
cpuid level	: 13
wp		: yes
flags		: fpu vme de pse tsc msr pae mce cx8 apic sep mtrr pge mca cmov pat pse36 clflush dts acpi mmx fxsr sse sse2 ss ht tm pbe syscall nx rdtscp lm constant_tsc arch_perfmon pebs bts rep_good nopl xtopology nonstop_tsc aperfmperf eagerfpu pni pclmulqdq dtes64 monitor ds_cpl vmx est tm2 ssse3 cx16 xtpr pdcm pcid sse4_1 sse4_2 x2apic popcnt tsc_deadline_timer aes xsave avx f16c rdrand lahf_lm ida arat epb xsaveopt pln pts dtherm tpr_shadow vnmi flexpriority ept vpid fsgsbase smep erms
bogomips	: 4988.77
clflush size	: 64
cache_alignment	: 64
address sizes	: 36 bits physical, 48 bits virtual
power management:

processor	: 1
vendor_id	: GenuineIntel
cpu family	: 6
model		: 58
model name	: Intel(R) Core(TM) i5-3210M CPU @ 2.50GHz
stepping	: 9
microcode	: 0x12
cpu MHz		: 1200.000
cache size	: 3072 KB
physical id	: 0
siblings	: 4
core id		: 1
cpu cores	: 2
apicid		: 2
initial apicid	: 2
fpu		: yes
fpu_exception	: yes
cpuid level	: 13
wp		: yes
flags		: fpu vme de pse tsc msr pae mce cx8 apic sep mtrr pge mca cmov pat pse36 clflush dts acpi mmx fxsr sse sse2 ss ht tm pbe syscall nx rdtscp lm constant_tsc arch_perfmon pebs bts rep_good nopl xtopology nonstop_tsc aperfmperf eagerfpu pni pclmulqdq dtes64 monitor ds_cpl vmx est tm2 ssse3 cx16 xtpr pdcm pcid sse4_1 sse4_2 x2apic popcnt tsc_deadline_timer aes xsave avx f16c rdrand lahf_lm ida arat epb xsaveopt pln pts dtherm tpr_shadow vnmi flexpriority ept vpid fsgsbase smep erms
bogomips	: 4988.77
clflush size	: 64
cache_alignment	: 64
address sizes	: 36 bits physical, 48 bits virtual
power management:

processor	: 2
vendor_id	: GenuineIntel
cpu family	: 6
model		: 58
model name	: Intel(R) Core(TM) i5-3210M CPU @ 2.50GHz
stepping	: 9
microcode	: 0x12
cpu MHz		: 1200.000
cache size	: 3072 KB
physical id	: 0
siblings	: 4
core id		: 0
cpu cores	: 2
apicid		: 1
initial apicid	: 1
fpu		: yes
fpu_exception	: yes
cpuid level	: 13
wp		: yes
flags		: fpu vme de pse tsc msr pae mce cx8 apic sep mtrr pge mca cmov pat pse36 clflush dts acpi mmx fxsr sse sse2 ss ht tm pbe syscall nx rdtscp lm constant_tsc arch_perfmon pebs bts rep_good nopl xtopology nonstop_tsc aperfmperf eagerfpu pni pclmulqdq dtes64 monitor ds_cpl vmx est tm2 ssse3 cx16 xtpr pdcm pcid sse4_1 sse4_2 x2apic popcnt tsc_deadline_timer aes xsave avx f16c rdrand lahf_lm ida arat epb xsaveopt pln pts dtherm tpr_shadow vnmi flexpriority ept vpid fsgsbase smep erms
bogomips	: 4988.77
clflush size	: 64
cache_alignment	: 64
address sizes	: 36 bits physical, 48 bits virtual
power management:

processor	: 3
vendor_id	: GenuineIntel
cpu family	: 6
model		: 58
model name	: Intel(R) Core(TM) i5-3210M CPU @ 2.50GHz
stepping	: 9
microcode	: 0x12
cpu MHz		: 1200.000
cache size	: 3072 KB
physical id	: 0
siblings	: 4
core id		: 1
cpu cores	: 2
apicid		: 3
initial apicid	: 3
fpu		: yes
fpu_exception	: yes
cpuid level	: 13
wp		: yes
flags		: fpu vme de pse tsc msr pae mce cx8 apic sep mtrr pge mca cmov pat pse36 clflush dts acpi mmx fxsr sse sse2 ss ht tm pbe syscall nx rdtscp lm constant_tsc arch_perfmon pebs bts rep_good nopl xtopology nonstop_tsc aperfmperf eagerfpu pni pclmulqdq dtes64 monitor ds_cpl vmx est tm2 ssse3 cx16 xtpr pdcm pcid sse4_1 sse4_2 x2apic popcnt tsc_deadline_timer aes xsave avx f16c rdrand lahf_lm ida arat epb xsaveopt pln pts dtherm tpr_shadow vnmi flexpriority ept vpid fsgsbase smep erms
bogomips	: 4988.77
clflush size	: 64
cache_alignment	: 64
address sizes	: 36 bits physical, 48 bits virtual
power management:



Memory: 4k page, physical 3942828k(1026592k free), swap 1998844k(1998844k free)

vm_info: OpenJDK 64-Bit Server VM (24.65-b04) for linux-amd64 JRE (1.7.0_65-b32), built on Oct 22 2014 04:37:44 by "buildd" with gcc 4.8.2

time: Thu Dec 18 07:26:04 2014
elapsed time: 14 seconds

